#
# A fatal error has been detected by the Java Runtime Environment:
#
#  EXCEPTION_ACCESS_VIOLATION (0xc0000005) at pc=0x0000000063b4c9da, pid=15500, tid=8504
#
# JRE version: OpenJDK Runtime Environment (14.0.2+12) (build 14.0.2+12-46)
# Java VM: OpenJDK 64-Bit Server VM (14.0.2+12-46, mixed mode, tiered, compressed oops, g1 gc, windows-amd64)
# Problematic frame:
# C  [jnetpcap.dll+0xc9da]
#
# No core dump will be written. Minidumps are not enabled by default on client versions of Windows
#
# If you would like to submit a bug report, please visit:
#   https://bugreport.java.com/bugreport/crash.jsp
# The crash happened outside the Java Virtual Machine in native code.
# See problematic frame for where to report the bug.
#

---------------  S U M M A R Y ------------

Command Line: -XX:+ShowCodeDetailsInExceptionMessages -agentlib:jdwp=transport=dt_socket,suspend=y,address=localhost:1372 -javaagent:E:\Program Files\Eclipse\eclipse\configuration\org.eclipse.osgi\215\0\.cp\lib\javaagent-shaded.jar -Dfile.encoding=UTF-8 Application.Main

Host: AMD Ryzen 5 1600 Six-Core Processor            , 12 cores, 15G,  Windows 10 , 64 bit Build 19041 (10.0.19041.546)
Time: Sat Nov 21 14:25:11 2020 대한민국 표준시 elapsed time: 226 seconds (0d 0h 3m 46s)

---------------  T H R E A D  ---------------

Current thread (0x0000011b05b39800):  JavaThread "Thread-3" [_thread_in_native, id=8504, stack(0x0000000deb800000,0x0000000deb900000)]

Stack: [0x0000000deb800000,0x0000000deb900000],  sp=0x0000000deb8fe5c0,  free space=1017k
Native frames: (J=compiled Java code, j=interpreted, Vv=VM code, C=native code)
C  [jnetpcap.dll+0xc9da]

Java frames: (J=compiled Java code, j=interpreted, Vv=VM code)
j  org.jnetpcap.packet.JHeaderScanner.nativeScan(Lorg/jnetpcap/packet/JScan;)V+0
j  org.jnetpcap.packet.JHeaderScanner.scanHeader(Lorg/jnetpcap/packet/JScan;)V+27
v  ~StubRoutines::call_stub
j  org.jnetpcap.Pcap.loop(IILorg/jnetpcap/packet/PcapPacketHandler;Ljava/lang/Object;Lorg/jnetpcap/packet/JPacket;Lorg/jnetpcap/packet/JPacket$State;Lorg/jnetpcap/PcapHeader;Lorg/jnetpcap/packet/JScanner;)I+0
j  org.jnetpcap.Pcap.loop(ILorg/jnetpcap/packet/PcapPacketHandler;Ljava/lang/Object;)I+35
j  NetworkLayer.Receive_Thread.run()V+21
j  java.lang.Thread.run()V+11 java.base@14.0.2
v  ~StubRoutines::call_stub

siginfo: EXCEPTION_ACCESS_VIOLATION (0xc0000005), reading address 0x0000000000000060


Register to memory mapping:

RIP=0x0000000063b4c9da jnetpcap.dll
RAX=0x0 is NULL
RBX=0x0000011b0c056cbb points into unknown readable memory: 00 2d 69 00 00
RCX=0x0000000deb7fec50 is pointing into the stack for thread: 0x0000011b05b39000
RDX=0x0000011b0c056ba0 points into unknown readable memory: b7 a4 b8 5f 87 e8 03 00
RSP=0x0000000deb8fe5c0 is pointing into the stack for thread: 0x0000011b05b39800
RBP=0x0000000deb8fe610 is pointing into the stack for thread: 0x0000011b05b39800
RSI=0x0000000000000148 is an unknown value
RDI=0x000000000000003a is an unknown value
R8 =0x0000000000000042 is an unknown value
R9 =0x0000000701817730 is an oop: org.jnetpcap.packet.JScan 
{0x0000000701817730} - klass: 'org/jnetpcap/packet/JScan'
R10=0x00007ffad7f6a850 jvm.dll
R11=0x0000000000000778 is an unknown value
R12=0x0 is NULL
R13={method} {0x0000011b0a20c430} 'nativeScan' '(Lorg/jnetpcap/packet/JScan;)V' in 'org/jnetpcap/packet/JHeaderScanner'
R14=0x0000000deb8fe700 is pointing into the stack for thread: 0x0000011b05b39800
R15=0x0000011b05b39800 is a thread


Registers:
RAX=0x0000000000000000, RBX=0x0000011b0c056cbb, RCX=0x0000000deb7fec50, RDX=0x0000011b0c056ba0
RSP=0x0000000deb8fe5c0, RBP=0x0000000deb8fe610, RSI=0x0000000000000148, RDI=0x000000000000003a
R8 =0x0000000000000042, R9 =0x0000000701817730, R10=0x00007ffad7f6a850, R11=0x0000000000000778
R12=0x0000000000000000, R13=0x0000011b0a20c428, R14=0x0000000deb8fe700, R15=0x0000011b05b39800
RIP=0x0000000063b4c9da, EFLAGS=0x0000000000010206

Top of Stack: (sp=0x0000000deb8fe5c0)
0x0000000deb8fe5c0:   0000011b00000000 0000000deb7fec50
0x0000000deb8fe5d0:   0000000deb8fe610 0000000063b484dc
0x0000000deb8fe5e0:   0000000deb7fec50 0000000000000000
0x0000000deb8fe5f0:   0000011b0c056ba0 0000011b5db40db0
0x0000000deb8fe600:   0000000deb8fe750 0000011b0a20c428
0x0000000deb8fe610:   0000000deb8fe650 0000000063b506dd
0x0000000deb8fe620:   0000000deb7fec50 0000000deb8fe6f8
0x0000000deb8fe630:   0000000000000000 0000000deb8fe709
0x0000000deb8fe640:   0000000063b4c99c 0000000deb7fec50
0x0000000deb8fe650:   0000000deb8fe6d8 0000011b638f6142
0x0000000deb8fe660:   0000011b05b39b10 0000000deb8fe700
0x0000000deb8fe670:   0000000deb8fe6f8 0000000deb8fe680
0x0000000deb8fe680:   0000000deb8fe6f0 0000011b638ec890
0x0000000deb8fe690:   0000000deb8fe690 0000000000000000
0x0000000deb8fe6a0:   0000000deb8fe700 0000011b0a20d1b0
0x0000000deb8fe6b0:   0000000000000000 00000007011ffe40 

Instructions: (pc=0x0000000063b4c9da)
0x0000000063b4c8da:   b8 05 00 00 00 48 8d 15 c7 88 01 00 48 89 c1 e8
0x0000000063b4c8ea:   e2 c4 00 00 85 c0 74 23 83 7d fc 02 7e 7c 48 8b
0x0000000063b4c8fa:   45 e0 41 b8 03 00 00 00 48 8d 15 aa 88 01 00 48
0x0000000063b4c90a:   89 c1 e8 bf c4 00 00 85 c0 75 5f c6 45 b0 00 c6
0x0000000063b4c91a:   45 cf 00 b8 1f 00 00 00 83 7d fc 1f 0f 4e 45 fc
0x0000000063b4c92a:   48 63 c8 48 8b 55 e0 48 8d 45 b0 49 89 c8 48 89
0x0000000063b4c93a:   c1 e8 68 c4 00 00 83 7d fc 09 7f 27 48 8b 45 10
0x0000000063b4c94a:   48 8b 40 28 48 8b 40 58 48 8d 4d b0 8b 55 fc 49
0x0000000063b4c95a:   89 c9 41 89 d0 89 c2 48 8d 0d 50 88 01 00 e8 5b
0x0000000063b4c96a:   c4 00 00 b8 11 00 00 00 eb 05 b8 00 00 00 00 c9
0x0000000063b4c97a:   c3 55 48 89 e5 48 89 4d 10 48 8b 45 10 8b 50 40
0x0000000063b4c98a:   48 8b 45 10 8b 40 4c 29 c2 48 8b 45 10 89 50 50
0x0000000063b4c99a:   c9 c3 55 48 89 e5 53 48 83 ec 48 48 89 4d 10 48
0x0000000063b4c9aa:   8b 45 10 48 8b 50 38 48 8b 45 10 8b 40 4c 48 98
0x0000000063b4c9ba:   48 8d 1c 02 48 8b 45 10 48 8b 40 28 48 89 45 d8
0x0000000063b4c9ca:   48 8b 45 10 48 8b 40 38 48 89 45 e0 48 8b 45 d8
0x0000000063b4c9da:   48 8b 40 60 83 e0 10 48 85 c0 74 5a 48 8b 45 d8
0x0000000063b4c9ea:   0f b6 40 6c 0f be c0 83 e8 01 48 8b 4d d8 48 63
0x0000000063b4c9fa:   d0 48 89 d0 48 c1 e0 02 48 01 d0 48 c1 e0 03 48
0x0000000063b4ca0a:   8d 04 01 48 83 c0 70 48 8b 10 48 89 55 b0 48 8b
0x0000000063b4ca1a:   50 08 48 89 55 b8 48 8b 50 10 48 89 55 c0 48 8b
0x0000000063b4ca2a:   50 18 48 89 55 c8 48 8b 40 20 48 89 45 d0 8b 45
0x0000000063b4ca3a:   c0 89 45 e8 eb 17 48 8b 45 10 8b 50 40 48 8b 45
0x0000000063b4ca4a:   10 8b 40 4c 89 d1 29 c1 89 c8 89 45 e8 48 8b 45
0x0000000063b4ca5a:   10 8b 55 e8 89 50 50 c7 45 ec 00 00 00 00 eb 5f
0x0000000063b4ca6a:   8b 45 ec 48 98 48 8d 04 03 0f b6 00 3c 0d 75 4b
0x0000000063b4ca7a:   8b 45 ec 48 98 48 83 c0 01 48 8d 04 03 0f b6 00
0x0000000063b4ca8a:   3c 0a 75 37 8b 45 ec 48 98 48 83 c0 02 48 8d 04
0x0000000063b4ca9a:   03 0f b6 00 3c 0d 75 23 8b 45 ec 48 98 48 83 c0
0x0000000063b4caaa:   03 48 8d 04 03 0f b6 00 3c 0a 75 0f 8b 45 ec 8d
0x0000000063b4caba:   50 04 48 8b 45 10 89 50 50 eb 14 83 45 ec 01 8b
0x0000000063b4caca:   45 e8 83 e8 04 3b 45 ec 0f 9f c0 84 c0 75 91 48 


Stack slot to memory mapping:
stack at sp + 0 slots: 0x0000011b00000000 points into unknown readable memory: 00 00 00 00 00 00 00 00
stack at sp + 1 slots: 0x0000000deb7fec50 is pointing into the stack for thread: 0x0000011b05b39000
stack at sp + 2 slots: 0x0000000deb8fe610 is pointing into the stack for thread: 0x0000011b05b39800
stack at sp + 3 slots: 0x0000000063b484dc jnetpcap.dll
stack at sp + 4 slots: 0x0000000deb7fec50 is pointing into the stack for thread: 0x0000011b05b39000
stack at sp + 5 slots: 0x0 is NULL
stack at sp + 6 slots: 0x0000011b0c056ba0 points into unknown readable memory: b7 a4 b8 5f 87 e8 03 00
stack at sp + 7 slots: 0x0000011b5db40db0 points into unknown readable memory: 00 00 00 00 00 00 00 00


---------------  P R O C E S S  ---------------

Threads class SMR info:
_java_thread_list=0x0000011b0577f970, length=26, elements={
0x0000011b7fc49800, 0x0000011b7fc4a800, 0x0000011b7fc69000, 0x0000011b7fc98800,
0x0000011b7fc9a000, 0x0000011b7fca0000, 0x0000011b7fcab800, 0x0000011b7fcbf000,
0x0000011b7fc00800, 0x0000011b7ff4c800, 0x0000011b7ff59000, 0x0000011b7ff5c000,
0x0000011b00248800, 0x0000011b003b6800, 0x0000011b003b7800, 0x0000011b0041e000,
0x0000011b0568e000, 0x0000011b05a1e000, 0x0000011b059be000, 0x0000011b05a4f800,
0x0000011b05b39000, 0x0000011b05b39800, 0x0000011b05b3a800, 0x0000011b05b38000,
0x0000011b05bc8000, 0x0000011b05bc6800
}

Java Threads: ( => current thread )
  0x0000011b7fc49800 JavaThread "Reference Handler" daemon [_thread_blocked, id=11752, stack(0x0000000de9d00000,0x0000000de9e00000)]
  0x0000011b7fc4a800 JavaThread "Finalizer" daemon [_thread_blocked, id=5320, stack(0x0000000de9e00000,0x0000000de9f00000)]
  0x0000011b7fc69000 JavaThread "Signal Dispatcher" daemon [_thread_blocked, id=14408, stack(0x0000000de9f00000,0x0000000dea000000)]
  0x0000011b7fc98800 JavaThread "Attach Listener" daemon [_thread_blocked, id=5944, stack(0x0000000dea000000,0x0000000dea100000)]
  0x0000011b7fc9a000 JavaThread "Service Thread" daemon [_thread_blocked, id=18068, stack(0x0000000dea100000,0x0000000dea200000)]
  0x0000011b7fca0000 JavaThread "C2 CompilerThread0" daemon [_thread_blocked, id=10072, stack(0x0000000dea200000,0x0000000dea300000)]
  0x0000011b7fcab800 JavaThread "C1 CompilerThread0" daemon [_thread_blocked, id=6492, stack(0x0000000dea300000,0x0000000dea400000)]
  0x0000011b7fcbf000 JavaThread "Sweeper thread" daemon [_thread_blocked, id=16876, stack(0x0000000dea400000,0x0000000dea500000)]
  0x0000011b7fc00800 JavaThread "Common-Cleaner" daemon [_thread_blocked, id=14680, stack(0x0000000dea500000,0x0000000dea600000)]
  0x0000011b7ff4c800 JavaThread "JDWP Transport Listener: dt_socket" daemon [_thread_blocked, id=2212, stack(0x0000000dea700000,0x0000000dea800000)]
  0x0000011b7ff59000 JavaThread "JDWP Event Helper Thread" daemon [_thread_blocked, id=13344, stack(0x0000000dea800000,0x0000000dea900000)]
  0x0000011b7ff5c000 JavaThread "JDWP Command Reader" daemon [_thread_in_native, id=17196, stack(0x0000000dea900000,0x0000000deaa00000)]
  0x0000011b00248800 JavaThread "Notification Thread" daemon [_thread_blocked, id=6016, stack(0x0000000deaa00000,0x0000000deab00000)]
  0x0000011b003b6800 JavaThread "Java2D Disposer" daemon [_thread_blocked, id=848, stack(0x0000000deac00000,0x0000000dead00000)]
  0x0000011b003b7800 JavaThread "AWT-Shutdown" [_thread_blocked, id=6948, stack(0x0000000dead00000,0x0000000deae00000)]
  0x0000011b0041e000 JavaThread "AWT-Windows" daemon [_thread_in_native, id=14172, stack(0x0000000deae00000,0x0000000deaf00000)]
  0x0000011b0568e000 JavaThread "AWT-EventQueue-0" [_thread_blocked, id=1244, stack(0x0000000dea600000,0x0000000dea700000)]
  0x0000011b05a1e000 JavaThread "D3D Screen Updater" daemon [_thread_blocked, id=12488, stack(0x0000000deb400000,0x0000000deb500000)]
  0x0000011b059be000 JavaThread "Thread-0" [_thread_blocked, id=17932, stack(0x0000000deb500000,0x0000000deb600000)]
  0x0000011b05a4f800 JavaThread "Thread-1" [_thread_in_native, id=10548, stack(0x0000000deb600000,0x0000000deb700000)]
  0x0000011b05b39000 JavaThread "Thread-2" [_thread_in_native, id=14568, stack(0x0000000deb700000,0x0000000deb800000)]
=>0x0000011b05b39800 JavaThread "Thread-3" [_thread_in_native, id=8504, stack(0x0000000deb800000,0x0000000deb900000)]
  0x0000011b05b3a800 JavaThread "Thread-4" [_thread_in_native, id=17104, stack(0x0000000deb900000,0x0000000deba00000)]
  0x0000011b05b38000 JavaThread "DisposableGC" daemon [_thread_blocked, id=9740, stack(0x0000000deba00000,0x0000000debb00000)]
  0x0000011b05bc8000 JavaThread "DestroyJavaVM" [_thread_blocked, id=13524, stack(0x0000000de9600000,0x0000000de9700000)]
  0x0000011b05bc6800 JavaThread "TimerQueue" daemon [_thread_blocked, id=12720, stack(0x0000000dec700000,0x0000000dec800000)]

Other Threads:
  0x0000011b7fc34000 VMThread "VM Thread" [stack: 0x0000000de9c00000,0x0000000de9d00000] [id=8052]
  0x0000011b0020f000 WatcherThread [stack: 0x0000000deab00000,0x0000000deac00000] [id=9260]
  0x0000011b5fc75000 GCTaskThread "GC Thread#0" [stack: 0x0000000de9700000,0x0000000de9800000] [id=16456]
  0x0000011b05ac6800 GCTaskThread "GC Thread#1" [stack: 0x0000000debc00000,0x0000000debd00000] [id=14544]
  0x0000011b05b68800 GCTaskThread "GC Thread#2" [stack: 0x0000000debd00000,0x0000000debe00000] [id=2820]
  0x0000011b05d0f000 GCTaskThread "GC Thread#3" [stack: 0x0000000debe00000,0x0000000debf00000] [id=11956]
  0x0000011b05b9a800 GCTaskThread "GC Thread#4" [stack: 0x0000000debf00000,0x0000000dec000000] [id=12528]
  0x0000011b05b9b000 GCTaskThread "GC Thread#5" [stack: 0x0000000dec000000,0x0000000dec100000] [id=6284]
  0x0000011b05b9c000 GCTaskThread "GC Thread#6" [stack: 0x0000000dec100000,0x0000000dec200000] [id=10528]
  0x0000011b05b56800 GCTaskThread "GC Thread#7" [stack: 0x0000000dec200000,0x0000000dec300000] [id=17824]
  0x0000011b05b57000 GCTaskThread "GC Thread#8" [stack: 0x0000000dec300000,0x0000000dec400000] [id=1820]
  0x0000011b05b57800 GCTaskThread "GC Thread#9" [stack: 0x0000000dec400000,0x0000000dec500000] [id=10488]
  0x0000011b5fc97000 ConcurrentGCThread "G1 Main Marker" [stack: 0x0000000de9800000,0x0000000de9900000] [id=7008]
  0x0000011b5fc99800 ConcurrentGCThread "G1 Conc#0" [stack: 0x0000000de9900000,0x0000000de9a00000] [id=14444]
  0x0000011b05e93000 ConcurrentGCThread "G1 Conc#1" [stack: 0x0000000dec500000,0x0000000dec600000] [id=4088]
  0x0000011b06100000 ConcurrentGCThread "G1 Conc#2" [stack: 0x0000000dec600000,0x0000000dec700000] [id=7348]
  0x0000011b7f251800 ConcurrentGCThread "G1 Refine#0" [stack: 0x0000000de9a00000,0x0000000de9b00000] [id=17644]
  0x0000011b7f253800 ConcurrentGCThread "G1 Young RemSet Sampling" [stack: 0x0000000de9b00000,0x0000000de9c00000] [id=16516]

Threads with active compile tasks:

VM state:not at safepoint (normal execution)

VM Mutex/Monitor currently owned by a thread: None

Heap address: 0x0000000701000000, size: 4080 MB, Compressed Oops mode: Zero based, Oop shift amount: 3
Narrow klass base: 0x0000000800000000, Narrow klass shift: 0
Compressed class space size: 1073741824 Address: 0x0000000800000000

Heap:
 garbage-first heap   total 20480K, used 11454K [0x0000000701000000, 0x0000000800000000)
  region size 1024K, 9 young (9216K), 1 survivors (1024K)
 Metaspace       used 22359K, capacity 22772K, committed 22960K, reserved 1069056K
  class space    used 2413K, capacity 2562K, committed 2688K, reserved 1048576K
Heap Regions: E=young(eden), S=young(survivor), O=old, HS=humongous(starts), HC=humongous(continues), CS=collection set, F=free, OA=open archive, CA=closed archive, TAMS=top-at-mark-start (previous, next)
|   0|0x0000000701000000, 0x0000000701100000, 0x0000000701100000|100%| O|  |TAMS 0x000000070106c200, 0x0000000701000000| Untracked 
|   1|0x0000000701100000, 0x0000000701200000, 0x0000000701200000|100%| O|  |TAMS 0x0000000701100000, 0x0000000701100000| Untracked 
|   2|0x0000000701200000, 0x0000000701300000, 0x0000000701300000|100%| O|  |TAMS 0x0000000701200000, 0x0000000701200000| Untracked 
|   3|0x0000000701300000, 0x0000000701364600, 0x0000000701400000| 39%| O|  |TAMS 0x0000000701300000, 0x0000000701300000| Untracked 
|   4|0x0000000701400000, 0x0000000701400000, 0x0000000701500000|  0%| F|  |TAMS 0x0000000701400000, 0x0000000701400000| Untracked 
|   5|0x0000000701500000, 0x0000000701500000, 0x0000000701600000|  0%| F|  |TAMS 0x0000000701500000, 0x0000000701500000| Untracked 
|   6|0x0000000701600000, 0x0000000701600000, 0x0000000701700000|  0%| F|  |TAMS 0x0000000701600000, 0x0000000701600000| Untracked 
|   7|0x0000000701700000, 0x0000000701700000, 0x0000000701800000|  0%| F|  |TAMS 0x0000000701700000, 0x0000000701700000| Untracked 
|   8|0x0000000701800000, 0x00000007018cb3a0, 0x0000000701900000| 79%| S|CS|TAMS 0x0000000701800000, 0x0000000701800000| Complete 
|   9|0x0000000701900000, 0x0000000701900000, 0x0000000701a00000|  0%| F|  |TAMS 0x0000000701900000, 0x0000000701900000| Untracked 
|  10|0x0000000701a00000, 0x0000000701a00000, 0x0000000701b00000|  0%| F|  |TAMS 0x0000000701a00000, 0x0000000701a00000| Untracked 
|  11|0x0000000701b00000, 0x0000000701b00000, 0x0000000701c00000|  0%| F|  |TAMS 0x0000000701b00000, 0x0000000701b00000| Untracked 
|  12|0x0000000701c00000, 0x0000000701ce4788, 0x0000000701d00000| 89%| E|  |TAMS 0x0000000701c00000, 0x0000000701c00000| Complete 
|  13|0x0000000701d00000, 0x0000000701e00000, 0x0000000701e00000|100%| E|CS|TAMS 0x0000000701d00000, 0x0000000701d00000| Complete 
|  14|0x0000000701e00000, 0x0000000701f00000, 0x0000000701f00000|100%| E|CS|TAMS 0x0000000701e00000, 0x0000000701e00000| Complete 
|  15|0x0000000701f00000, 0x0000000702000000, 0x0000000702000000|100%| E|CS|TAMS 0x0000000701f00000, 0x0000000701f00000| Complete 
|  16|0x0000000702000000, 0x0000000702100000, 0x0000000702100000|100%| E|CS|TAMS 0x0000000702000000, 0x0000000702000000| Complete 
|  17|0x0000000702100000, 0x0000000702200000, 0x0000000702200000|100%| E|CS|TAMS 0x0000000702100000, 0x0000000702100000| Complete 
| 251|0x0000000710b00000, 0x0000000710c00000, 0x0000000710c00000|100%| E|CS|TAMS 0x0000000710b00000, 0x0000000710b00000| Complete 
| 255|0x0000000710f00000, 0x0000000711000000, 0x0000000711000000|100%| E|CS|TAMS 0x0000000710f00000, 0x0000000710f00000| Complete 

Card table byte_map: [0x0000011b73630000,0x0000011b73e30000] _byte_map_base: 0x0000011b6fe28000

Marking Bits (Prev, Next): (CMBitMap*) 0x0000011b5fc76088, (CMBitMap*) 0x0000011b5fc76048
 Prev Bits: [0x0000011b785f0000, 0x0000011b7c5b0000)
 Next Bits: [0x0000011b74630000, 0x0000011b785f0000)

Polling page: 0x0000011b5dbd0000

Metaspace:

Usage:
  Non-class:     19.74 MB capacity,    19.48 MB ( 99%) used,   224.77 KB (  1%) free+waste,    39.50 KB ( <1%) overhead. 
      Class:      2.50 MB capacity,     2.36 MB ( 94%) used,   128.93 KB (  5%) free+waste,    19.38 KB ( <1%) overhead. 
       Both:     22.24 MB capacity,    21.84 MB ( 98%) used,   353.70 KB (  2%) free+waste,    58.88 KB ( <1%) overhead. 

Virtual space:
  Non-class space:       20.00 MB reserved,      19.80 MB ( 99%) committed 
      Class space:        1.00 GB reserved,       2.63 MB ( <1%) committed 
             Both:        1.02 GB reserved,      22.42 MB (  2%) committed 

Chunk freelists:
   Non-Class:  14.00 KB
       Class:  0 bytes
        Both:  14.00 KB

MaxMetaspaceSize: 17179869184.00 GB
CompressedClassSpaceSize: 1.00 GB

CodeHeap 'non-profiled nmethods': size=120000Kb used=914Kb max_used=914Kb free=119085Kb
 bounds [0x0000011b6b3b0000, 0x0000011b6b620000, 0x0000011b728e0000]
CodeHeap 'profiled nmethods': size=120000Kb used=4047Kb max_used=4047Kb free=115952Kb
 bounds [0x0000011b63e80000, 0x0000011b64280000, 0x0000011b6b3b0000]
CodeHeap 'non-nmethods': size=5760Kb used=1404Kb max_used=1459Kb free=4356Kb
 bounds [0x0000011b638e0000, 0x0000011b63b50000, 0x0000011b63e80000]
 total_blobs=2658 nmethods=2047 adapters=523
 compilation: enabled
              stopped_count=0, restarted_count=0
 full_count=0

Compilation events (20 events):
Event: 222.474 Thread 0x0000011b7fcab800 nmethod 2288 0x0000011b63eb6d90 code [0x0000011b63eb6f80, 0x0000011b63eb74a8]
Event: 222.474 Thread 0x0000011b7fcab800 2293       3       java.util.regex.Pattern::compile (500 bytes)
Event: 222.476 Thread 0x0000011b7fcab800 nmethod 2293 0x0000011b64276610 code [0x0000011b64276ae0, 0x0000011b64279b28]
Event: 222.476 Thread 0x0000011b7fcab800 2294       3       java.util.regex.Pattern::newSlice (181 bytes)
Event: 222.477 Thread 0x0000011b7fcab800 nmethod 2294 0x0000011b63e80310 code [0x0000011b63e80640, 0x0000011b63e81a38]
Event: 222.477 Thread 0x0000011b7fcab800 2296       3       java.util.regex.Pattern::single (82 bytes)
Event: 222.478 Thread 0x0000011b7fcab800 nmethod 2296 0x0000011b63e9e190 code [0x0000011b63e9e480, 0x0000011b63e9f828]
Event: 222.478 Thread 0x0000011b7fcab800 2292       3       org.jnetpcap.nio.JMemory::peer (87 bytes)
Event: 222.479 Thread 0x0000011b7fcab800 nmethod 2292 0x0000011b63f29690 code [0x0000011b63f29980, 0x0000011b63f2a858]
Event: 222.479 Thread 0x0000011b7fcab800 2295       3       java.util.regex.Pattern$Slice::<init> (6 bytes)
Event: 222.479 Thread 0x0000011b7fcab800 nmethod 2295 0x0000011b63eb6790 code [0x0000011b63eb6940, 0x0000011b63eb6c38]
Event: 222.479 Thread 0x0000011b7fcab800 2297       3       org.jnetpcap.protocol.tcpip.Http::decodeFirstLine (145 bytes)
Event: 222.480 Thread 0x0000011b7fcab800 nmethod 2297 0x0000011b6427a710 code [0x0000011b6427aa80, 0x0000011b6427bfd8]
Event: 222.480 Thread 0x0000011b7fcab800 2299   !   3       org.jnetpcap.packet.structure.AnnotatedBindMethod::isBound (70 bytes)
Event: 222.481 Thread 0x0000011b7fcab800 nmethod 2299 0x0000011b63e9af10 code [0x0000011b63e9b1a0, 0x0000011b63e9bf08]
Event: 222.481 Thread 0x0000011b7fcab800 2289       3       org.jnetpcap.protocol.tcpip.Http::hasField (6 bytes)
Event: 222.481 Thread 0x0000011b7fcab800 nmethod 2289 0x0000011b64029910 code [0x0000011b64029b00, 0x0000011b64029fc8]
Event: 222.483 Thread 0x0000011b7fca0000 nmethod 2300 0x0000011b6b493b10 code [0x0000011b6b493d20, 0x0000011b6b494438]
Event: 222.483 Thread 0x0000011b7fca0000 2301       4       java.lang.ThreadLocal::getMap (5 bytes)
Event: 222.483 Thread 0x0000011b7fca0000 nmethod 2301 0x0000011b6b494790 code [0x0000011b6b494920, 0x0000011b6b4949f8]

GC Heap History (16 events):
Event: 1.185 GC heap before
{Heap before GC invocations=0 (full 0):
 garbage-first heap   total 262144K, used 22528K [0x0000000701000000, 0x0000000800000000)
  region size 1024K, 23 young (23552K), 0 survivors (0K)
 Metaspace       used 20447K, capacity 20840K, committed 20864K, reserved 1067008K
  class space    used 2270K, capacity 2417K, committed 2432K, reserved 1048576K
}
Event: 1.190 GC heap after
{Heap after GC invocations=1 (full 0):
 garbage-first heap   total 262144K, used 3504K [0x0000000701000000, 0x0000000800000000)
  region size 1024K, 3 young (3072K), 3 survivors (3072K)
 Metaspace       used 20447K, capacity 20840K, committed 20864K, reserved 1067008K
  class space    used 2270K, capacity 2417K, committed 2432K, reserved 1048576K
}
Event: 1.232 GC heap before
{Heap before GC invocations=1 (full 0):
 garbage-first heap   total 262144K, used 6576K [0x0000000701000000, 0x0000000800000000)
  region size 1024K, 7 young (7168K), 3 survivors (3072K)
 Metaspace       used 20797K, capacity 21153K, committed 21296K, reserved 1069056K
  class space    used 2313K, capacity 2455K, committed 2560K, reserved 1048576K
}
Event: 1.236 GC heap after
{Heap after GC invocations=2 (full 0):
 garbage-first heap   total 262144K, used 4124K [0x0000000701000000, 0x0000000800000000)
  region size 1024K, 1 young (1024K), 1 survivors (1024K)
 Metaspace       used 20797K, capacity 21153K, committed 21296K, reserved 1069056K
  class space    used 2313K, capacity 2455K, committed 2560K, reserved 1048576K
}
Event: 48.419 GC heap before
{Heap before GC invocations=3 (full 0):
 garbage-first heap   total 20480K, used 15388K [0x0000000701000000, 0x0000000800000000)
  region size 1024K, 12 young (12288K), 1 survivors (1024K)
 Metaspace       used 22117K, capacity 22494K, committed 22576K, reserved 1069056K
  class space    used 2408K, capacity 2558K, committed 2560K, reserved 1048576K
}
Event: 48.421 GC heap after
{Heap after GC invocations=4 (full 0):
 garbage-first heap   total 20480K, used 4178K [0x0000000701000000, 0x0000000800000000)
  region size 1024K, 1 young (1024K), 1 survivors (1024K)
 Metaspace       used 22117K, capacity 22494K, committed 22576K, reserved 1069056K
  class space    used 2408K, capacity 2558K, committed 2560K, reserved 1048576K
}
Event: 64.502 GC heap before
{Heap before GC invocations=4 (full 0):
 garbage-first heap   total 20480K, used 14418K [0x0000000701000000, 0x0000000800000000)
  region size 1024K, 11 young (11264K), 1 survivors (1024K)
 Metaspace       used 22158K, capacity 22558K, committed 22832K, reserved 1069056K
  class space    used 2409K, capacity 2558K, committed 2560K, reserved 1048576K
}
Event: 64.505 GC heap after
{Heap after GC invocations=5 (full 0):
 garbage-first heap   total 20480K, used 4228K [0x0000000701000000, 0x0000000800000000)
  region size 1024K, 1 young (1024K), 1 survivors (1024K)
 Metaspace       used 22158K, capacity 22558K, committed 22832K, reserved 1069056K
  class space    used 2409K, capacity 2558K, committed 2560K, reserved 1048576K
}
Event: 96.735 GC heap before
{Heap before GC invocations=5 (full 0):
 garbage-first heap   total 20480K, used 15492K [0x0000000701000000, 0x0000000800000000)
  region size 1024K, 12 young (12288K), 1 survivors (1024K)
 Metaspace       used 22201K, capacity 22567K, committed 22832K, reserved 1069056K
  class space    used 2412K, capacity 2560K, committed 2560K, reserved 1048576K
}
Event: 96.738 GC heap after
{Heap after GC invocations=6 (full 0):
 garbage-first heap   total 20480K, used 4291K [0x0000000701000000, 0x0000000800000000)
  region size 1024K, 1 young (1024K), 1 survivors (1024K)
 Metaspace       used 22201K, capacity 22567K, committed 22832K, reserved 1069056K
  class space    used 2412K, capacity 2560K, committed 2560K, reserved 1048576K
}
Event: 127.441 GC heap before
{Heap before GC invocations=6 (full 0):
 garbage-first heap   total 20480K, used 15555K [0x0000000701000000, 0x0000000800000000)
  region size 1024K, 12 young (12288K), 1 survivors (1024K)
 Metaspace       used 22202K, capacity 22567K, committed 22832K, reserved 1069056K
  class space    used 2412K, capacity 2560K, committed 2560K, reserved 1048576K
}
Event: 127.443 GC heap after
{Heap after GC invocations=7 (full 0):
 garbage-first heap   total 20480K, used 4318K [0x0000000701000000, 0x0000000800000000)
  region size 1024K, 1 young (1024K), 1 survivors (1024K)
 Metaspace       used 22202K, capacity 22567K, committed 22832K, reserved 1069056K
  class space    used 2412K, capacity 2560K, committed 2560K, reserved 1048576K
}
Event: 159.314 GC heap before
{Heap before GC invocations=7 (full 0):
 garbage-first heap   total 20480K, used 15582K [0x0000000701000000, 0x0000000800000000)
  region size 1024K, 12 young (12288K), 1 survivors (1024K)
 Metaspace       used 22211K, capacity 22567K, committed 22832K, reserved 1069056K
  class space    used 2412K, capacity 2560K, committed 2560K, reserved 1048576K
}
Event: 159.316 GC heap after
{Heap after GC invocations=8 (full 0):
 garbage-first heap   total 20480K, used 4364K [0x0000000701000000, 0x0000000800000000)
  region size 1024K, 1 young (1024K), 1 survivors (1024K)
 Metaspace       used 22211K, capacity 22567K, committed 22832K, reserved 1069056K
  class space    used 2412K, capacity 2560K, committed 2560K, reserved 1048576K
}
Event: 221.480 GC heap before
{Heap before GC invocations=8 (full 0):
 garbage-first heap   total 20480K, used 15628K [0x0000000701000000, 0x0000000800000000)
  region size 1024K, 12 young (12288K), 1 survivors (1024K)
 Metaspace       used 22350K, capacity 22772K, committed 22960K, reserved 1069056K
  class space    used 2413K, capacity 2562K, committed 2688K, reserved 1048576K
}
Event: 221.482 GC heap after
{Heap after GC invocations=9 (full 0):
 garbage-first heap   total 20480K, used 4286K [0x0000000701000000, 0x0000000800000000)
  region size 1024K, 1 young (1024K), 1 survivors (1024K)
 Metaspace       used 22350K, capacity 22772K, committed 22960K, reserved 1069056K
  class space    used 2413K, capacity 2562K, committed 2688K, reserved 1048576K
}

Deoptimization events (20 events):
Event: 21.322 Thread 0x0000011b0568e000 DEOPT PACKING pc=0x0000011b6417993c sp=0x0000000dea6fec50
Event: 21.322 Thread 0x0000011b0568e000 DEOPT UNPACKING pc=0x0000011b6392964e sp=0x0000000dea6fe110 mode 1
Event: 21.322 Thread 0x0000011b0568e000 DEOPT PACKING pc=0x0000011b6415862c sp=0x0000000dea6fecb0
Event: 21.322 Thread 0x0000011b0568e000 DEOPT UNPACKING pc=0x0000011b6392964e sp=0x0000000dea6fe0e0 mode 1
Event: 21.322 Thread 0x0000011b0568e000 DEOPT PACKING pc=0x0000011b6415d3bc sp=0x0000000dea6fee70
Event: 21.322 Thread 0x0000011b0568e000 DEOPT UNPACKING pc=0x0000011b6392964e sp=0x0000000dea6fe370 mode 1
Event: 48.276 Thread 0x0000011b05b39800 Uncommon trap: trap_request=0xffffff45 fr.pc=0x0000011b6b3b6198 relative=0x0000000000000178
Event: 48.276 Thread 0x0000011b05b39800 Uncommon trap: reason=unstable_if action=reinterpret pc=0x0000011b6b3b6198 method=org.jnetpcap.nio.JMemory.peer0(JILjava/lang/Object;)I @ 6 c2
Event: 48.276 Thread 0x0000011b05b39800 DEOPT PACKING pc=0x0000011b6b3b6198 sp=0x0000000deb8fe8d0
Event: 48.276 Thread 0x0000011b05b39800 DEOPT UNPACKING pc=0x0000011b6392912f sp=0x0000000deb8fe8a0 mode 2
Event: 71.494 Thread 0x0000011b05b39800 Uncommon trap: trap_request=0xffffff45 fr.pc=0x0000011b6b44b560 relative=0x00000000000004c0
Event: 71.494 Thread 0x0000011b05b39800 Uncommon trap: reason=unstable_if action=reinterpret pc=0x0000011b6b44b560 method=java.util.regex.Matcher.search(I)Z @ 30 c2
Event: 71.494 Thread 0x0000011b05b39800 DEOPT PACKING pc=0x0000011b6b44b560 sp=0x0000000deb8fe100
Event: 71.494 Thread 0x0000011b05b39800 DEOPT UNPACKING pc=0x0000011b6392912f sp=0x0000000deb8fe0c0 mode 2
Event: 201.459 Thread 0x0000011b059be000 Uncommon trap: trap_request=0xffffff45 fr.pc=0x0000011b6b45bd44 relative=0x0000000000004344
Event: 201.459 Thread 0x0000011b059be000 Uncommon trap: reason=unstable_if action=reinterpret pc=0x0000011b6b45bd44 method=sun.awt.PostEventQueue.flush()V @ 23 c2
Event: 201.460 Thread 0x0000011b059be000 DEOPT PACKING pc=0x0000011b6b45bd44 sp=0x0000000deb5fe940
Event: 201.460 Thread 0x0000011b059be000 DEOPT UNPACKING pc=0x0000011b6392912f sp=0x0000000deb5fe9a8 mode 2
Event: 204.205 Thread 0x0000011b05b39000 DEOPT PACKING pc=0x0000011b63ea14c5 sp=0x0000000deb7fe000
Event: 204.205 Thread 0x0000011b05b39000 DEOPT UNPACKING pc=0x0000011b6392964e sp=0x0000000deb7fd500 mode 0

Classes unloaded (0 events):
No events

Classes redefined (0 events):
No events

Internal exceptions (15 events):
Event: 0.364 Thread 0x0000011b5fc0e000 Exception <a 'java/lang/ClassNotFoundException'{0x0000000710955408}: sun/awt/resources/spi/awtProvider> (0x0000000710955408) 
thrown [./open/src/hotspot/share/classfile/systemDictionary.cpp, line 226]
Event: 0.381 Thread 0x0000011b5fc0e000 Exception <a 'java/io/FileNotFoundException'{0x00000007109b5b58}> (0x00000007109b5b58) 
thrown [./open/src/hotspot/share/prims/jni.cpp, line 599]
Event: 0.385 Thread 0x0000011b5fc0e000 Exception <a 'java/io/FileNotFoundException'{0x00000007109de1d8}> (0x00000007109de1d8) 
thrown [./open/src/hotspot/share/prims/jni.cpp, line 599]
Event: 0.431 Thread 0x0000011b0041e000 Exception <a 'java/lang/NoSuchMethodError'{0x0000000710782828}: 'void java.lang.invoke.DirectMethodHandle$Holder.invokeSpecial(java.lang.Object, java.lang.Object)'> (0x0000000710782828) 
thrown [./open/src/hotspot/share/interpreter/linkResolver.cpp, line 766]
Event: 0.581 Thread 0x0000011b5fc0e000 Exception <a 'java/lang/NoSuchMethodError'{0x000000071068a938}: 'java.lang.Object java.lang.invoke.DirectMethodHandle$Holder.invokeStatic(java.lang.Object, int, java.lang.Object, java.lang.Object, java.lang.Object, java.lang.Object)'> (0x000000071068a938) 
thrown [./open/src/hotspot/share/interpreter/linkResolver.cpp, line 766]
Event: 0.582 Thread 0x0000011b5fc0e000 Exception <a 'java/lang/NoSuchMethodError'{0x0000000710691258}: 'java.lang.Object java.lang.invoke.DirectMethodHandle$Holder.invokeStatic(java.lang.Object, int, java.lang.Object, java.lang.Object, java.lang.Object)'> (0x0000000710691258) 
thrown [./open/src/hotspot/share/interpreter/linkResolver.cpp, line 766]
Event: 0.582 Thread 0x0000011b5fc0e000 Exception <a 'java/lang/NoSuchMethodError'{0x0000000710694aa8}: 'java.lang.Object java.lang.invoke.DirectMethodHandle$Holder.invokeSpecial(java.lang.Object, java.lang.Object, int, java.lang.Object, java.lang.Object, java.lang.Object)'> (0x0000000710694aa8) 
thrown [./open/src/hotspot/share/interpreter/linkResolver.cpp, line 766]
Event: 0.584 Thread 0x0000011b5fc0e000 Exception <a 'java/lang/NoSuchMethodError'{0x00000007106ab480}: 'java.lang.Object java.lang.invoke.DirectMethodHandle$Holder.invokeStatic(java.lang.Object, int, java.lang.Object)'> (0x00000007106ab480) 
thrown [./open/src/hotspot/share/interpreter/linkResolver.cpp, line 766]
Event: 0.600 Thread 0x0000011b5fc0e000 Exception <a 'java/lang/ClassNotFoundException'{0x000000071055e130}: com/sun/swing/internal/plaf/metal/resources/spi/metalProvider> (0x000000071055e130) 
thrown [./open/src/hotspot/share/classfile/systemDictionary.cpp, line 226]
Event: 0.601 Thread 0x0000011b5fc0e000 Exception <a 'java/lang/ClassNotFoundException'{0x0000000710564fd8}: com/sun/swing/internal/plaf/basic/resources/spi/basicProvider> (0x0000000710564fd8) 
thrown [./open/src/hotspot/share/classfile/systemDictionary.cpp, line 226]
Event: 0.655 Thread 0x0000011b5fc0e000 Implicit null exception at 0x0000011b6b3d26af to 0x0000011b6b3d272d
Event: 0.826 Thread 0x0000011b5fc0e000 Exception <a 'java/io/FileNotFoundException'{0x00000007102e06b8}> (0x00000007102e06b8) 
thrown [./open/src/hotspot/share/prims/jni.cpp, line 599]
Event: 0.890 Thread 0x0000011b5fc0e000 Exception <a 'java/lang/NoSuchMethodError'{0x00000007100688e8}: 'void java.lang.invoke.DirectMethodHandle$Holder.invokeStaticInit(java.lang.Object)'> (0x00000007100688e8) 
thrown [./open/src/hotspot/share/interpreter/linkResolver.cpp, line 766]
Event: 0.896 Thread 0x0000011b5fc0e000 Exception <a 'java/lang/NoSuchMethodError'{0x0000000710094e20}: 'java.lang.Object java.lang.invoke.Invokers$Holder.linkToTargetMethod(java.lang.Object, int, java.lang.Object)'> (0x0000000710094e20) 
thrown [./open/src/hotspot/share/interpreter/linkResolver.cpp, line 766]
Event: 1.164 Thread 0x0000011b05a4f800 Exception <a 'org/jnetpcap/packet/UnregisteredHeaderException'{0x000000070fac56b0}: native scanner not registered under ID=15 (WEB_IMAGE)> (0x000000070fac56b0) 
thrown [./open/src/hotspot/share/prims/jni.cpp, line 620]

Events (20 events):
Event: 219.207 Executing VM operation: GetFrameLocation done
Event: 219.207 Executing VM operation: get/set locals
Event: 219.207 Executing VM operation: get/set locals done
Event: 219.207 Executing VM operation: GetFrameLocation
Event: 219.207 Executing VM operation: GetFrameLocation done
Event: 219.208 Executing VM operation: get/set locals
Event: 219.208 Executing VM operation: get/set locals done
Event: 219.208 Executing VM operation: GetFrameLocation
Event: 219.208 Executing VM operation: GetFrameLocation done
Event: 219.208 Executing VM operation: get/set locals
Event: 219.208 Executing VM operation: get/set locals done
Event: 220.530 Executing VM operation: ChangeBreakpoints
Event: 220.530 Executing VM operation: ChangeBreakpoints done
Event: 221.277 Executing VM operation: HandshakeAllThreads
Event: 221.277 Executing VM operation: HandshakeAllThreads done
Event: 221.279 Thread 0x0000011b7fcbf000 flushing nmethod 0x0000011b64152090
Event: 221.480 Executing VM operation: G1CollectForAllocation
Event: 221.482 Executing VM operation: G1CollectForAllocation done
Event: 221.543 Executing VM operation: ChangeBreakpoints
Event: 221.543 Executing VM operation: ChangeBreakpoints done


Dynamic libraries:
0x00007ff658240000 - 0x00007ff65824d000 	C:\Users\Taehyun\.p2\pool\plugins\org.eclipse.justj.openjdk.hotspot.jre.full.win32.x86_64_14.0.2.v20200815-0932\jre\bin\javaw.exe
0x00007ffb169f0000 - 0x00007ffb16be6000 	C:\Windows\SYSTEM32\ntdll.dll
0x00007ffb158e0000 - 0x00007ffb1599d000 	C:\Windows\System32\KERNEL32.DLL
0x00007ffb14130000 - 0x00007ffb143f8000 	C:\Windows\System32\KERNELBASE.dll
0x00007ffb145f0000 - 0x00007ffb146f0000 	C:\Windows\System32\ucrtbase.dll
0x00007ffb0e9d0000 - 0x00007ffb0e9e8000 	C:\Users\Taehyun\.p2\pool\plugins\org.eclipse.justj.openjdk.hotspot.jre.full.win32.x86_64_14.0.2.v20200815-0932\jre\bin\jli.dll
0x00007ffb0e9b0000 - 0x00007ffb0e9c5000 	C:\Users\Taehyun\.p2\pool\plugins\org.eclipse.justj.openjdk.hotspot.jre.full.win32.x86_64_14.0.2.v20200815-0932\jre\bin\VCRUNTIME140.dll
0x00007ffb15a10000 - 0x00007ffb15bb0000 	C:\Windows\System32\USER32.dll
0x00007ffb04e30000 - 0x00007ffb050cb000 	C:\Windows\WinSxS\amd64_microsoft.windows.common-controls_6595b64144ccf1df_6.0.19041.488_none_ca04af081b815d21\COMCTL32.dll
0x00007ffb149c0000 - 0x00007ffb149e2000 	C:\Windows\System32\win32u.dll
0x00007ffb15bb0000 - 0x00007ffb15bda000 	C:\Windows\System32\GDI32.dll
0x00007ffb14fb0000 - 0x00007ffb1504e000 	C:\Windows\System32\msvcrt.dll
0x00007ffb144e0000 - 0x00007ffb145e9000 	C:\Windows\System32\gdi32full.dll
0x00007ffb14770000 - 0x00007ffb1480d000 	C:\Windows\System32\msvcp_win.dll
0x00007ffb14b10000 - 0x00007ffb14b40000 	C:\Windows\System32\IMM32.DLL
0x00007ffb09730000 - 0x00007ffb097cb000 	C:\Users\Taehyun\.p2\pool\plugins\org.eclipse.justj.openjdk.hotspot.jre.full.win32.x86_64_14.0.2.v20200815-0932\jre\bin\msvcp140.dll
0x00007ffad7510000 - 0x00007ffad802e000 	C:\Users\Taehyun\.p2\pool\plugins\org.eclipse.justj.openjdk.hotspot.jre.full.win32.x86_64_14.0.2.v20200815-0932\jre\bin\server\jvm.dll
0x00007ffb14a50000 - 0x00007ffb14afc000 	C:\Windows\System32\ADVAPI32.dll
0x00007ffb151f0000 - 0x00007ffb1528b000 	C:\Windows\System32\sechost.dll
0x00007ffb14b40000 - 0x00007ffb14c64000 	C:\Windows\System32\RPCRT4.dll
0x00007ffb150b0000 - 0x00007ffb150b8000 	C:\Windows\System32\PSAPI.DLL
0x00007ffb0db20000 - 0x00007ffb0db2a000 	C:\Windows\SYSTEM32\VERSION.dll
0x00007ffb078b0000 - 0x00007ffb078d7000 	C:\Windows\SYSTEM32\WINMM.dll
0x00007ffb0e300000 - 0x00007ffb0e309000 	C:\Windows\SYSTEM32\WSOCK32.dll
0x00007ffb159a0000 - 0x00007ffb15a0b000 	C:\Windows\System32\WS2_32.dll
0x00007ffb120a0000 - 0x00007ffb120b2000 	C:\Windows\SYSTEM32\kernel.appcore.dll
0x00007ffb0e1d0000 - 0x00007ffb0e1da000 	C:\Users\Taehyun\.p2\pool\plugins\org.eclipse.justj.openjdk.hotspot.jre.full.win32.x86_64_14.0.2.v20200815-0932\jre\bin\jimage.dll
0x00007ffb002c0000 - 0x00007ffb004a4000 	C:\Windows\SYSTEM32\DBGHELP.DLL
0x00007ffb001d0000 - 0x00007ffb001fc000 	C:\Windows\SYSTEM32\dbgcore.DLL
0x00007ffb146f0000 - 0x00007ffb1476f000 	C:\Windows\System32\bcryptPrimitives.dll
0x00007ffb047e0000 - 0x00007ffb04818000 	C:\Users\Taehyun\.p2\pool\plugins\org.eclipse.justj.openjdk.hotspot.jre.full.win32.x86_64_14.0.2.v20200815-0932\jre\bin\jdwp.dll
0x00007ffb04120000 - 0x00007ffb04145000 	C:\Users\Taehyun\.p2\pool\plugins\org.eclipse.justj.openjdk.hotspot.jre.full.win32.x86_64_14.0.2.v20200815-0932\jre\bin\java.dll
0x00007ffb0eda0000 - 0x00007ffb0edae000 	C:\Users\Taehyun\.p2\pool\plugins\org.eclipse.justj.openjdk.hotspot.jre.full.win32.x86_64_14.0.2.v20200815-0932\jre\bin\instrument.dll
0x00007ffb0d130000 - 0x00007ffb0d146000 	C:\Users\Taehyun\.p2\pool\plugins\org.eclipse.justj.openjdk.hotspot.jre.full.win32.x86_64_14.0.2.v20200815-0932\jre\bin\zip.dll
0x00007ffb16010000 - 0x00007ffb16751000 	C:\Windows\System32\SHELL32.dll
0x00007ffb122a0000 - 0x00007ffb12a35000 	C:\Windows\SYSTEM32\windows.storage.dll
0x00007ffb15be0000 - 0x00007ffb15f35000 	C:\Windows\System32\combase.dll
0x00007ffb13ba0000 - 0x00007ffb13bcc000 	C:\Windows\SYSTEM32\Wldp.dll
0x00007ffb168e0000 - 0x00007ffb1698e000 	C:\Windows\System32\SHCORE.dll
0x00007ffb15050000 - 0x00007ffb150a5000 	C:\Windows\System32\shlwapi.dll
0x00007ffb14060000 - 0x00007ffb14086000 	C:\Windows\SYSTEM32\profapi.dll
0x00007ffb0ed40000 - 0x00007ffb0ed4b000 	C:\Users\Taehyun\.p2\pool\plugins\org.eclipse.justj.openjdk.hotspot.jre.full.win32.x86_64_14.0.2.v20200815-0932\jre\bin\dt_socket.dll
0x00007ffb135c0000 - 0x00007ffb135fb000 	C:\Windows\SYSTEM32\IPHLPAPI.DLL
0x00007ffb13920000 - 0x00007ffb1398a000 	C:\Windows\system32\mswsock.dll
0x00007ffb13610000 - 0x00007ffb136db000 	C:\Windows\SYSTEM32\DNSAPI.dll
0x00007ffb14b00000 - 0x00007ffb14b08000 	C:\Windows\System32\NSI.dll
0x00007ffb09b40000 - 0x00007ffb09b4a000 	C:\Windows\System32\rasadhlp.dll
0x00007ffb08ca0000 - 0x00007ffb08d1f000 	C:\Windows\System32\fwpuclnt.dll
0x00007ffb144b0000 - 0x00007ffb144d7000 	C:\Windows\System32\bcrypt.dll
0x00007ffb0d150000 - 0x00007ffb0d169000 	C:\Users\Taehyun\.p2\pool\plugins\org.eclipse.justj.openjdk.hotspot.jre.full.win32.x86_64_14.0.2.v20200815-0932\jre\bin\net.dll
0x00007ffb0a5e0000 - 0x00007ffb0a6e0000 	C:\Windows\SYSTEM32\WINHTTP.dll
0x00007ffb09b20000 - 0x00007ffb09b32000 	C:\Users\Taehyun\.p2\pool\plugins\org.eclipse.justj.openjdk.hotspot.jre.full.win32.x86_64_14.0.2.v20200815-0932\jre\bin\nio.dll
0x00007ffb08eb0000 - 0x00007ffb08ec0000 	C:\Users\Taehyun\.p2\pool\plugins\org.eclipse.justj.openjdk.hotspot.jre.full.win32.x86_64_14.0.2.v20200815-0932\jre\bin\verify.dll
0x00007ffaf3820000 - 0x00007ffaf39b8000 	C:\Users\Taehyun\.p2\pool\plugins\org.eclipse.justj.openjdk.hotspot.jre.full.win32.x86_64_14.0.2.v20200815-0932\jre\bin\awt.dll
0x00007ffb15f40000 - 0x00007ffb1600d000 	C:\Windows\System32\OLEAUT32.dll
0x00007ffb11a50000 - 0x00007ffb11ae0000 	C:\Windows\SYSTEM32\apphelp.dll
0x00007ffb11d90000 - 0x00007ffb11dbf000 	C:\Windows\system32\DWMAPI.DLL
0x00007ffb11be0000 - 0x00007ffb11c7e000 	C:\Windows\system32\uxtheme.dll
0x00007ffae5fc0000 - 0x00007ffae60e5000 	C:\Windows\system32\opengl32.dll
0x00007ffb047b0000 - 0x00007ffb047dc000 	C:\Windows\SYSTEM32\GLU32.dll
0x00007ffb16760000 - 0x00007ffb16875000 	C:\Windows\System32\MSCTF.dll
0x00007ffb150c0000 - 0x00007ffb151ea000 	C:\Windows\System32\ole32.dll
0x00007ffb0d1a0000 - 0x00007ffb0d36e000 	C:\Windows\system32\d3d9.dll
0x00007ffb08db0000 - 0x00007ffb08e9e000 	C:\Windows\System32\DriverStore\FileRepository\nv_dispi.inf_amd64_90685a092bcf58c7\nvldumdx.dll
0x00007ffb14810000 - 0x00007ffb1496d000 	C:\Windows\System32\crypt32.dll
0x00007ffb149f0000 - 0x00007ffb14a50000 	C:\Windows\System32\WINTRUST.DLL
0x00007ffb13d20000 - 0x00007ffb13d32000 	C:\Windows\SYSTEM32\MSASN1.dll
0x00007ffb16990000 - 0x00007ffb169ad000 	C:\Windows\System32\imagehlp.dll
0x00007ffb13b00000 - 0x00007ffb13b18000 	C:\Windows\SYSTEM32\CRYPTSP.dll
0x00007ffb13240000 - 0x00007ffb13274000 	C:\Windows\system32\rsaenh.dll
0x00007ffb13af0000 - 0x00007ffb13afc000 	C:\Windows\SYSTEM32\CRYPTBASE.dll
0x00007ffabc560000 - 0x00007ffabd9fb000 	C:\Windows\System32\DriverStore\FileRepository\nv_dispi.inf_amd64_90685a092bcf58c7\nvd3dumx.dll
0x00007ffb136e0000 - 0x00007ffb1372b000 	C:\Windows\system32\powrprof.dll
0x00007ffb135a0000 - 0x00007ffb135b2000 	C:\Windows\SYSTEM32\UMPDC.dll
0x00007ffb12a50000 - 0x00007ffb12a73000 	C:\Windows\SYSTEM32\gpapi.dll
0x00007ffaf6b90000 - 0x00007ffaf6bc1000 	C:\Windows\SYSTEM32\cryptnet.dll
0x00007ffb09b50000 - 0x00007ffb09b8b000 	C:\Windows\SYSTEM32\dxcore.dll
0x00007ffb14970000 - 0x00007ffb149be000 	C:\Windows\System32\cfgmgr32.dll
0x0000000063b40000 - 0x0000000063bc0000 	D:\Project\2020-2\ComputerNetwork\Router\ComputerNetwork\jnetpcap.dll
0x0000000180000000 - 0x0000000180065000 	C:\Windows\SYSTEM32\wpcap.dll
0x0000011b010c0000 - 0x0000011b010df000 	C:\Windows\SYSTEM32\packet.dll
0x00007ffb0cfd0000 - 0x00007ffb0cfe7000 	C:\Windows\SYSTEM32\dhcpcsvc6.DLL
0x00007ffb0ced0000 - 0x00007ffb0ceed000 	C:\Windows\SYSTEM32\dhcpcsvc.DLL
0x00007ffaf5070000 - 0x00007ffaf50f2000 	C:\Users\Taehyun\.p2\pool\plugins\org.eclipse.justj.openjdk.hotspot.jre.full.win32.x86_64_14.0.2.v20200815-0932\jre\bin\freetype.dll
0x00007ffae5650000 - 0x00007ffae56f6000 	C:\Users\Taehyun\.p2\pool\plugins\org.eclipse.justj.openjdk.hotspot.jre.full.win32.x86_64_14.0.2.v20200815-0932\jre\bin\fontmanager.dll
0x00007ffb14f00000 - 0x00007ffb14fa9000 	C:\Windows\System32\clbcatq.dll
0x00007ffb0e010000 - 0x00007ffb0e1c4000 	C:\Windows\SYSTEM32\WindowsCodecs.dll
0x00007ffb07bc0000 - 0x00007ffb07bfe000 	C:\Windows\system32\dataexchange.dll
0x00007ffb106e0000 - 0x00007ffb10944000 	C:\Windows\system32\d3d11.dll
0x00007ffb10f10000 - 0x00007ffb110f5000 	C:\Windows\system32\dcomp.dll
0x00007ffb12a80000 - 0x00007ffb12b73000 	C:\Windows\system32\dxgi.dll
0x00007ffb0e4b0000 - 0x00007ffb0e6b8000 	C:\Windows\system32\twinapi.appcore.dll
0x00007ffb037c0000 - 0x00007ffb038bc000 	C:\Windows\SYSTEM32\textinputframework.dll
0x00007ffb11100000 - 0x00007ffb1145e000 	C:\Windows\System32\CoreUIComponents.dll
0x00007ffb117e0000 - 0x00007ffb118d2000 	C:\Windows\System32\CoreMessaging.dll
0x00007ffb12e70000 - 0x00007ffb12ea3000 	C:\Windows\SYSTEM32\ntmarta.dll
0x00007ffb10120000 - 0x00007ffb10276000 	C:\Windows\SYSTEM32\wintypes.dll
0x00007ffaec140000 - 0x00007ffaec211000 	C:\Windows\System32\IME\IMEKR\imkrtip.dll
0x00007ffb0fc10000 - 0x00007ffb0fd07000 	C:\Windows\SYSTEM32\PROPSYS.dll
0x00007ffaebda0000 - 0x00007ffaebee2000 	C:\Windows\System32\IME\shared\imetip.dll
0x00007ffae8350000 - 0x00007ffae84fe000 	C:\Windows\SYSTEM32\DUI70.dll
0x00007ffb0edd0000 - 0x00007ffb0ee36000 	C:\Windows\SYSTEM32\OLEACC.dll
0x00007ffaec100000 - 0x00007ffaec140000 	C:\Windows\System32\IME\IMEKR\imkrapi.dll
0x00007ffb0e200000 - 0x00007ffb0e2a0000 	C:\Windows\SYSTEM32\policymanager.dll
0x00007ffb132e0000 - 0x00007ffb1336a000 	C:\Windows\SYSTEM32\msvcp110_win.dll
0x00007ffaec0c0000 - 0x00007ffaec0fe000 	C:\Windows\System32\IME\shared\imjkapi.dll

dbghelp: loaded successfully - version: 4.0.5 - missing functions: none
symbol engine: initialized successfully - sym options: 0x614 - pdb path: .;C:\Users\Taehyun\.p2\pool\plugins\org.eclipse.justj.openjdk.hotspot.jre.full.win32.x86_64_14.0.2.v20200815-0932\jre\bin;C:\Windows\SYSTEM32;C:\Windows\WinSxS\amd64_microsoft.windows.common-controls_6595b64144ccf1df_6.0.19041.488_none_ca04af081b815d21;C:\Users\Taehyun\.p2\pool\plugins\org.eclipse.justj.openjdk.hotspot.jre.full.win32.x86_64_14.0.2.v20200815-0932\jre\bin\server;C:\Windows\System32\DriverStore\FileRepository\nv_dispi.inf_amd64_90685a092bcf58c7;D:\Project\2020-2\ComputerNetwork\Router\ComputerNetwork;C:\Windows\System32\IME\IMEKR;C:\Windows\System32\IME\shared

VM Arguments:
jvm_args: -XX:+ShowCodeDetailsInExceptionMessages -agentlib:jdwp=transport=dt_socket,suspend=y,address=localhost:1372 -javaagent:E:\Program Files\Eclipse\eclipse\configuration\org.eclipse.osgi\215\0\.cp\lib\javaagent-shaded.jar -Dfile.encoding=UTF-8 
java_command: Application.Main
java_class_path (initial): D:\Project\2020-2\ComputerNetwork\Router\ComputerNetwork\bin;D:\Project\2020-2\ComputerNetwork\Router\ComputerNetwork\jnetpcap.jar;C:\Users\Taehyun\.p2\pool\plugins\org.junit.jupiter.api_5.6.0.v20200203-2009.jar;C:\Users\Taehyun\.p2\pool\plugins\org.junit.jupiter.engine_5.6.0.v20200203-2009.jar;C:\Users\Taehyun\.p2\pool\plugins\org.junit.jupiter.migrationsupport_5.6.0.v20200203-2009.jar;C:\Users\Taehyun\.p2\pool\plugins\org.junit.jupiter.params_5.6.0.v20200203-2009.jar;C:\Users\Taehyun\.p2\pool\plugins\org.junit.platform.commons_1.6.0.v20200203-2009.jar;C:\Users\Taehyun\.p2\pool\plugins\org.junit.platform.engine_1.6.0.v20200203-2009.jar;C:\Users\Taehyun\.p2\pool\plugins\org.junit.platform.launcher_1.6.0.v20200203-2009.jar;C:\Users\Taehyun\.p2\pool\plugins\org.junit.platform.runner_1.6.0.v20200203-2009.jar;C:\Users\Taehyun\.p2\pool\plugins\org.junit.platform.suite.api_1.6.0.v20200203-2009.jar;C:\Users\Taehyun\.p2\pool\plugins\org.junit.vintage.engine_5.6.0.v20200203-2009.jar;C:\Users\Taehyun\.p2\pool\plugins\org.opentest4j_1.2.0.v20190826-0900.jar;C:\Users\Taehyun\.p2\pool\plugins\org.apiguardian_1.1.0.v20190826-0900.jar;C:\Users\Taehyun\.p2\pool\plugins\org.junit_4.13.0.v20200204-1500.jar;C:\Users\Taehyun\.p2\pool\plugins\org.hamcrest.core_1.3.0.v20180420-1519.jar
Launcher Type: SUN_STANDARD

[Global flags]
     intx CICompilerCount                          = 4                                         {product} {ergonomic}
     uint ConcGCThreads                            = 3                                         {product} {ergonomic}
     uint G1ConcRefinementThreads                  = 10                                        {product} {ergonomic}
   size_t G1HeapRegionSize                         = 1048576                                   {product} {ergonomic}
    uintx GCDrainStackTargetSize                   = 64                                        {product} {ergonomic}
   size_t InitialHeapSize                          = 268435456                                 {product} {ergonomic}
   size_t MarkStackSize                            = 4194304                                   {product} {ergonomic}
   size_t MaxHeapSize                              = 4278190080                                {product} {ergonomic}
   size_t MaxNewSize                               = 2566914048                                {product} {ergonomic}
   size_t MinHeapDeltaBytes                        = 1048576                                   {product} {ergonomic}
   size_t MinHeapSize                              = 8388608                                   {product} {ergonomic}
    uintx NonNMethodCodeHeapSize                   = 5839372                                {pd product} {ergonomic}
    uintx NonProfiledCodeHeapSize                  = 122909434                              {pd product} {ergonomic}
    uintx ProfiledCodeHeapSize                     = 122909434                              {pd product} {ergonomic}
    uintx ReservedCodeCacheSize                    = 251658240                              {pd product} {ergonomic}
     bool SegmentedCodeCache                       = true                                      {product} {ergonomic}
     bool ShowCodeDetailsInExceptionMessages       = true                                   {manageable} {command line}
   size_t SoftMaxHeapSize                          = 4278190080                             {manageable} {ergonomic}
     bool UseCompressedClassPointers               = true                                 {lp64_product} {ergonomic}
     bool UseCompressedOops                        = true                                 {lp64_product} {ergonomic}
     bool UseG1GC                                  = true                                      {product} {ergonomic}
     bool UseLargePagesIndividualAllocation        = false                                  {pd product} {ergonomic}

Logging:
Log output configuration:
 #0: stdout all=warning uptime,level,tags
 #1: stderr all=off uptime,level,tags

Environment Variables:
PATH=C:\Users\Taehyun\.p2\pool\plugins\org.eclipse.justj.openjdk.hotspot.jre.full.win32.x86_64_14.0.2.v20200815-0932\jre\bin;C:/Users/Taehyun/.p2/pool/plugins/org.eclipse.justj.openjdk.hotspot.jre.full.win32.x86_64_14.0.2.v20200815-0932/jre/bin/server;C:/Users/Taehyun/.p2/pool/plugins/org.eclipse.justj.openjdk.hotspot.jre.full.win32.x86_64_14.0.2.v20200815-0932/jre/bin;E:\Program Files\VMWare\bin\;C:\Program Files (x86)\Common Files\Oracle\Java\javapath;C:\Windows\system32;C:\Windows;C:\Windows\System32\Wbem;C:\Windows\System32\WindowsPowerShell\v1.0\;C:\Windows\System32\OpenSSH\;C:\Program Files\nodejs\;C:\Apache24\bin;C:\Program Files\Git\cmd;C:\Users\Taehyun\AppData\Local\Microsoft\WindowsApps;C:\Program Files\Bandizip\;C:\Users\Taehyun\AppData\Local\atom\bin;C:\Users\Taehyun\AppData\Roaming\npm;C:\altera\13.1\modelsim_ase\win32aloem;C:\Windows\System32;
USERNAME=Taehyun
OS=Windows_NT
PROCESSOR_IDENTIFIER=AMD64 Family 23 Model 1 Stepping 1, AuthenticAMD



---------------  S Y S T E M  ---------------

OS: Windows 10 , 64 bit Build 19041 (10.0.19041.546)
OS uptime: 8 days 4:41 hours

CPU:total 12 (initial active 12) (12 cores per cpu, 2 threads per core) family 23 model 1 stepping 1, cmov, cx8, fxsr, mmx, sse, sse2, sse3, ssse3, sse4.1, sse4.2, popcnt, avx, avx2, aes, clmul, mmxext, 3dnowpref, lzcnt, sse4a, ht, tsc, tscinvbit, tscinv, bmi1, bmi2, adx, sha, fma

Memory: 4k page, system-wide physical 16316M (8172M free)
TotalPageFile size 23146M (AvailPageFile size 8224M)
current process WorkingSet (physical memory assigned to process): 125M, peak: 137M
current process commit charge ("private bytes"): 166M, peak: 409M

vm_info: OpenJDK 64-Bit Server VM (14.0.2+12-46) for windows-amd64 JRE (14.0.2+12-46), built on Jul  9 2020 00:31:16 by "mach5one" with MS VC++ 15.9 (VS2017)

END.
