#
# A fatal error has been detected by the Java Runtime Environment:
#
#  EXCEPTION_ACCESS_VIOLATION (0xc0000005) at pc=0x0000000063b4c9da, pid=5920, tid=900
#
# JRE version: OpenJDK Runtime Environment (14.0.2+12) (build 14.0.2+12-46)
# Java VM: OpenJDK 64-Bit Server VM (14.0.2+12-46, mixed mode, tiered, compressed oops, g1 gc, windows-amd64)
# Problematic frame:
# C  [jnetpcap.dll+0xc9da]
#
# No core dump will be written. Minidumps are not enabled by default on client versions of Windows
#
# If you would like to submit a bug report, please visit:
#   https://bugreport.java.com/bugreport/crash.jsp
# The crash happened outside the Java Virtual Machine in native code.
# See problematic frame for where to report the bug.
#

---------------  S U M M A R Y ------------

Command Line: -XX:+ShowCodeDetailsInExceptionMessages -agentlib:jdwp=transport=dt_socket,suspend=y,address=localhost:1863 -javaagent:E:\Program Files\Eclipse\eclipse\configuration\org.eclipse.osgi\215\0\.cp\lib\javaagent-shaded.jar -Dfile.encoding=UTF-8 Application.Main

Host: AMD Ryzen 5 1600 Six-Core Processor            , 12 cores, 15G,  Windows 10 , 64 bit Build 19041 (10.0.19041.546)
Time: Sat Nov 21 15:51:40 2020 대한민국 표준시 elapsed time: 21 seconds (0d 0h 0m 21s)

---------------  T H R E A D  ---------------

Current thread (0x000002dddfeb0000):  JavaThread "Thread-2" [_thread_in_native, id=900, stack(0x000000f59be00000,0x000000f59bf00000)]

Stack: [0x000000f59be00000,0x000000f59bf00000],  sp=0x000000f59befe440,  free space=1017k
Native frames: (J=compiled Java code, j=interpreted, Vv=VM code, C=native code)
C  [jnetpcap.dll+0xc9da]

Java frames: (J=compiled Java code, j=interpreted, Vv=VM code)
J 1773  org.jnetpcap.packet.JHeaderScanner.nativeScan(Lorg/jnetpcap/packet/JScan;)V (0 bytes) @ 0x000002ddc591ec7f [0x000002ddc591ec20+0x000000000000005f]
J 1772 c1 org.jnetpcap.packet.JHeaderScanner.scanHeader(Lorg/jnetpcap/packet/JScan;)V (110 bytes) @ 0x000002ddbe696f04 [0x000002ddbe696a00+0x0000000000000504]
v  ~StubRoutines::call_stub
j  org.jnetpcap.Pcap.loop(IILorg/jnetpcap/packet/PcapPacketHandler;Ljava/lang/Object;Lorg/jnetpcap/packet/JPacket;Lorg/jnetpcap/packet/JPacket$State;Lorg/jnetpcap/PcapHeader;Lorg/jnetpcap/packet/JScanner;)I+0
j  org.jnetpcap.Pcap.loop(ILorg/jnetpcap/packet/PcapPacketHandler;Ljava/lang/Object;)I+35
j  NetworkLayer.Receive_Thread.run()V+21
j  java.lang.Thread.run()V+11 java.base@14.0.2
v  ~StubRoutines::call_stub

siginfo: EXCEPTION_ACCESS_VIOLATION (0xc0000005), reading address 0x0000000000018423


Register to memory mapping:

RIP=0x0000000063b4c9da jnetpcap.dll
RAX=0x00000000000183c3 is an unknown value
RBX=0x0000000063b59c8f jnetpcap.dll
RCX=0x000000f59bffe910 is pointing into the stack for thread: 0x000002dddfeaf000
RDX=0x0000000063b59b9a jnetpcap.dll
RSP=0x000000f59befe440 is pointing into the stack for thread: 0x000002dddfeb0000
RBP=0x000000f59befe490 is pointing into the stack for thread: 0x000002dddfeb0000
RSI=0x00000007011eb3e8 is an oop: org.jnetpcap.packet.JHeaderScanner 
{0x00000007011eb3e8} - klass: 'org/jnetpcap/packet/JHeaderScanner'
RDI=0x0000000000000036 is an unknown value
R8 =0x0000000000000042 is an unknown value
R9 =0x000000070171ab50 is an oop: org.jnetpcap.packet.JScan 
{0x000000070171ab50} - klass: 'org/jnetpcap/packet/JScan'
R10=0x00007ffad7f6a850 jvm.dll
R11=0x000000000000008a is an unknown value
R12=0x0 is NULL
R13=0x000000f59befe608 is pointing into the stack for thread: 0x000002dddfeb0000
R14=0x000002dddfeb0000 is a thread
R15=0x000002dddfeb0000 is a thread


Registers:
RAX=0x00000000000183c3, RBX=0x0000000063b59c8f, RCX=0x000000f59bffe910, RDX=0x0000000063b59b9a
RSP=0x000000f59befe440, RBP=0x000000f59befe490, RSI=0x00000007011eb3e8, RDI=0x0000000000000036
R8 =0x0000000000000042, R9 =0x000000070171ab50, R10=0x00007ffad7f6a850, R11=0x000000000000008a
R12=0x0000000000000000, R13=0x000000f59befe608, R14=0x000002dddfeb0000, R15=0x000002dddfeb0000
RIP=0x0000000063b4c9da, EFLAGS=0x0000000000010202

Top of Stack: (sp=0x000000f59befe440)
0x000000f59befe440:   000000f59befecd0 000000f59bffe910
0x000000f59befe450:   000000f59befe490 0000000063b484dc
0x000000f59befe460:   000000f59bffe910 00000000000183c3
0x000000f59befe470:   0000000063b59b9a 000000000000018d
0x000000f59befe480:   000000f59bffe910 0000000000000191
0x000000f59befe490:   000000f59befe4d0 0000000063b506dd
0x000000f59befe4a0:   000000f59bffe910 000000f59befe508
0x000000f59befe4b0:   000002dd00000000 000000f59befe590
0x000000f59befe4c0:   0000000063b4c99c 000000f59bffe910
0x000000f59befe4d0:   000000f59befe540 000002ddc591ed1b
0x000000f59befe4e0:   000002dddfeb0310 000000f59befe500
0x000000f59befe4f0:   000000f59befe508 000000070170e698
0x000000f59befe500:   00000007011eb3e8 000000070171ab50
0x000000f59befe510:   000000f59befe550 000000f59befe7f0
0x000000f59befe520:   000002ddbe697294 0000000000000000
0x000000f59befe530:   000002ddbddb1058 000002dd00000000 

Instructions: (pc=0x0000000063b4c9da)
0x0000000063b4c8da:   b8 05 00 00 00 48 8d 15 c7 88 01 00 48 89 c1 e8
0x0000000063b4c8ea:   e2 c4 00 00 85 c0 74 23 83 7d fc 02 7e 7c 48 8b
0x0000000063b4c8fa:   45 e0 41 b8 03 00 00 00 48 8d 15 aa 88 01 00 48
0x0000000063b4c90a:   89 c1 e8 bf c4 00 00 85 c0 75 5f c6 45 b0 00 c6
0x0000000063b4c91a:   45 cf 00 b8 1f 00 00 00 83 7d fc 1f 0f 4e 45 fc
0x0000000063b4c92a:   48 63 c8 48 8b 55 e0 48 8d 45 b0 49 89 c8 48 89
0x0000000063b4c93a:   c1 e8 68 c4 00 00 83 7d fc 09 7f 27 48 8b 45 10
0x0000000063b4c94a:   48 8b 40 28 48 8b 40 58 48 8d 4d b0 8b 55 fc 49
0x0000000063b4c95a:   89 c9 41 89 d0 89 c2 48 8d 0d 50 88 01 00 e8 5b
0x0000000063b4c96a:   c4 00 00 b8 11 00 00 00 eb 05 b8 00 00 00 00 c9
0x0000000063b4c97a:   c3 55 48 89 e5 48 89 4d 10 48 8b 45 10 8b 50 40
0x0000000063b4c98a:   48 8b 45 10 8b 40 4c 29 c2 48 8b 45 10 89 50 50
0x0000000063b4c99a:   c9 c3 55 48 89 e5 53 48 83 ec 48 48 89 4d 10 48
0x0000000063b4c9aa:   8b 45 10 48 8b 50 38 48 8b 45 10 8b 40 4c 48 98
0x0000000063b4c9ba:   48 8d 1c 02 48 8b 45 10 48 8b 40 28 48 89 45 d8
0x0000000063b4c9ca:   48 8b 45 10 48 8b 40 38 48 89 45 e0 48 8b 45 d8
0x0000000063b4c9da:   48 8b 40 60 83 e0 10 48 85 c0 74 5a 48 8b 45 d8
0x0000000063b4c9ea:   0f b6 40 6c 0f be c0 83 e8 01 48 8b 4d d8 48 63
0x0000000063b4c9fa:   d0 48 89 d0 48 c1 e0 02 48 01 d0 48 c1 e0 03 48
0x0000000063b4ca0a:   8d 04 01 48 83 c0 70 48 8b 10 48 89 55 b0 48 8b
0x0000000063b4ca1a:   50 08 48 89 55 b8 48 8b 50 10 48 89 55 c0 48 8b
0x0000000063b4ca2a:   50 18 48 89 55 c8 48 8b 40 20 48 89 45 d0 8b 45
0x0000000063b4ca3a:   c0 89 45 e8 eb 17 48 8b 45 10 8b 50 40 48 8b 45
0x0000000063b4ca4a:   10 8b 40 4c 89 d1 29 c1 89 c8 89 45 e8 48 8b 45
0x0000000063b4ca5a:   10 8b 55 e8 89 50 50 c7 45 ec 00 00 00 00 eb 5f
0x0000000063b4ca6a:   8b 45 ec 48 98 48 8d 04 03 0f b6 00 3c 0d 75 4b
0x0000000063b4ca7a:   8b 45 ec 48 98 48 83 c0 01 48 8d 04 03 0f b6 00
0x0000000063b4ca8a:   3c 0a 75 37 8b 45 ec 48 98 48 83 c0 02 48 8d 04
0x0000000063b4ca9a:   03 0f b6 00 3c 0d 75 23 8b 45 ec 48 98 48 83 c0
0x0000000063b4caaa:   03 48 8d 04 03 0f b6 00 3c 0a 75 0f 8b 45 ec 8d
0x0000000063b4caba:   50 04 48 8b 45 10 89 50 50 eb 14 83 45 ec 01 8b
0x0000000063b4caca:   45 e8 83 e8 04 3b 45 ec 0f 9f c0 84 c0 75 91 48 


Stack slot to memory mapping:
stack at sp + 0 slots: 0x000000f59befecd0 is pointing into the stack for thread: 0x000002dddfeb0000
stack at sp + 1 slots: 0x000000f59bffe910 is pointing into the stack for thread: 0x000002dddfeaf000
stack at sp + 2 slots: 0x000000f59befe490 is pointing into the stack for thread: 0x000002dddfeb0000
stack at sp + 3 slots: 0x0000000063b484dc jnetpcap.dll
stack at sp + 4 slots: 0x000000f59bffe910 is pointing into the stack for thread: 0x000002dddfeaf000
stack at sp + 5 slots: 0x00000000000183c3 is an unknown value
stack at sp + 6 slots: 0x0000000063b59b9a jnetpcap.dll
stack at sp + 7 slots: 0x000000000000018d is an unknown value


---------------  P R O C E S S  ---------------

Threads class SMR info:
_java_thread_list=0x000002dde0025630, length=26, elements={
0x000002ddda0ed800, 0x000002ddda0ee800, 0x000002ddda10a000, 0x000002ddda10d000,
0x000002ddda139800, 0x000002ddda143800, 0x000002ddda153000, 0x000002ddda165800,
0x000002ddda0a1000, 0x000002ddda445800, 0x000002ddda446800, 0x000002ddda405800,
0x000002ddda5ac000, 0x000002ddda7e6000, 0x000002ddda82c000, 0x000002ddda833000,
0x000002dddfa39000, 0x000002dddfe19800, 0x000002dddaa4b000, 0x000002dddfeb6800,
0x000002dddfeb0000, 0x000002dddfeaf000, 0x000002dddfeb2800, 0x000002dddfeb3000,
0x000002dddfeb4000, 0x000002dddfeb5000
}

Java Threads: ( => current thread )
  0x000002ddda0ed800 JavaThread "Reference Handler" daemon [_thread_blocked, id=17304, stack(0x000000f59a400000,0x000000f59a500000)]
  0x000002ddda0ee800 JavaThread "Finalizer" daemon [_thread_blocked, id=15732, stack(0x000000f59a500000,0x000000f59a600000)]
  0x000002ddda10a000 JavaThread "Signal Dispatcher" daemon [_thread_blocked, id=684, stack(0x000000f59a600000,0x000000f59a700000)]
  0x000002ddda10d000 JavaThread "Attach Listener" daemon [_thread_blocked, id=4260, stack(0x000000f59a700000,0x000000f59a800000)]
  0x000002ddda139800 JavaThread "Service Thread" daemon [_thread_blocked, id=8660, stack(0x000000f59a800000,0x000000f59a900000)]
  0x000002ddda143800 JavaThread "C2 CompilerThread0" daemon [_thread_blocked, id=15492, stack(0x000000f59a900000,0x000000f59aa00000)]
  0x000002ddda153000 JavaThread "C1 CompilerThread0" daemon [_thread_blocked, id=8556, stack(0x000000f59aa00000,0x000000f59ab00000)]
  0x000002ddda165800 JavaThread "Sweeper thread" daemon [_thread_blocked, id=5240, stack(0x000000f59ab00000,0x000000f59ac00000)]
  0x000002ddda0a1000 JavaThread "Common-Cleaner" daemon [_thread_blocked, id=9672, stack(0x000000f59ac00000,0x000000f59ad00000)]
  0x000002ddda445800 JavaThread "JDWP Transport Listener: dt_socket" daemon [_thread_blocked, id=10708, stack(0x000000f59ae00000,0x000000f59af00000)]
  0x000002ddda446800 JavaThread "JDWP Event Helper Thread" daemon [_thread_blocked, id=2556, stack(0x000000f59af00000,0x000000f59b000000)]
  0x000002ddda405800 JavaThread "JDWP Command Reader" daemon [_thread_in_native, id=10256, stack(0x000000f59b000000,0x000000f59b100000)]
  0x000002ddda5ac000 JavaThread "Notification Thread" daemon [_thread_blocked, id=13992, stack(0x000000f59b100000,0x000000f59b200000)]
  0x000002ddda7e6000 JavaThread "Java2D Disposer" daemon [_thread_blocked, id=12708, stack(0x000000f59b300000,0x000000f59b400000)]
  0x000002ddda82c000 JavaThread "AWT-Shutdown" [_thread_blocked, id=7800, stack(0x000000f59b400000,0x000000f59b500000)]
  0x000002ddda833000 JavaThread "AWT-Windows" daemon [_thread_in_vm, id=9488, stack(0x000000f59b500000,0x000000f59b600000)]
  0x000002dddfa39000 JavaThread "AWT-EventQueue-0" [_thread_in_native, id=17140, stack(0x000000f59ad00000,0x000000f59ae00000)]
  0x000002dddfe19800 JavaThread "D3D Screen Updater" daemon [_thread_blocked, id=9556, stack(0x000000f59bb00000,0x000000f59bc00000)]
  0x000002dddaa4b000 JavaThread "Thread-0" [_thread_blocked, id=16424, stack(0x000000f59bc00000,0x000000f59bd00000)]
  0x000002dddfeb6800 JavaThread "Thread-1" [_thread_in_native, id=2984, stack(0x000000f59bd00000,0x000000f59be00000)]
=>0x000002dddfeb0000 JavaThread "Thread-2" [_thread_in_native, id=900, stack(0x000000f59be00000,0x000000f59bf00000)]
  0x000002dddfeaf000 JavaThread "Thread-3" [_thread_in_native, id=10408, stack(0x000000f59bf00000,0x000000f59c000000)]
  0x000002dddfeb2800 JavaThread "Thread-4" [_thread_in_native, id=7540, stack(0x000000f59c000000,0x000000f59c100000)]
  0x000002dddfeb3000 JavaThread "DestroyJavaVM" [_thread_blocked, id=15364, stack(0x000000f599d00000,0x000000f599e00000)]
  0x000002dddfeb4000 JavaThread "DisposableGC" daemon [_thread_blocked, id=16692, stack(0x000000f59c200000,0x000000f59c300000)]
  0x000002dddfeb5000 JavaThread "TimerQueue" daemon [_thread_blocked, id=12172, stack(0x000000f59c100000,0x000000f59c200000)]

Other Threads:
  0x000002ddda0ce800 VMThread "VM Thread" [stack: 0x000000f59a300000,0x000000f59a400000] [id=7348]
  0x000002ddda6af000 WatcherThread [stack: 0x000000f59b200000,0x000000f59b300000] [id=1904]
  0x000002ddba135000 GCTaskThread "GC Thread#0" [stack: 0x000000f599e00000,0x000000f599f00000] [id=6592]
  0x000002dddff4c800 GCTaskThread "GC Thread#1" [stack: 0x000000f59c300000,0x000000f59c400000] [id=4796]
  0x000002dde005b000 GCTaskThread "GC Thread#2" [stack: 0x000000f59c400000,0x000000f59c500000] [id=2544]
  0x000002dde005b800 GCTaskThread "GC Thread#3" [stack: 0x000000f59c500000,0x000000f59c600000] [id=8984]
  0x000002dde0030000 GCTaskThread "GC Thread#4" [stack: 0x000000f59c600000,0x000000f59c700000] [id=9412]
  0x000002dde0031000 GCTaskThread "GC Thread#5" [stack: 0x000000f59c700000,0x000000f59c800000] [id=17320]
  0x000002dde0031800 GCTaskThread "GC Thread#6" [stack: 0x000000f59c800000,0x000000f59c900000] [id=9064]
  0x000002dde0032800 GCTaskThread "GC Thread#7" [stack: 0x000000f59c900000,0x000000f59ca00000] [id=18340]
  0x000002dde0033000 GCTaskThread "GC Thread#8" [stack: 0x000000f59ca00000,0x000000f59cb00000] [id=12024]
  0x000002dde0034000 GCTaskThread "GC Thread#9" [stack: 0x000000f59cb00000,0x000000f59cc00000] [id=17692]
  0x000002ddba158000 ConcurrentGCThread "G1 Main Marker" [stack: 0x000000f599f00000,0x000000f59a000000] [id=5292]
  0x000002ddba159000 ConcurrentGCThread "G1 Conc#0" [stack: 0x000000f59a000000,0x000000f59a100000] [id=3540]
  0x000002dde01f6000 ConcurrentGCThread "G1 Conc#1" [stack: 0x000000f59cc00000,0x000000f59cd00000] [id=4756]
  0x000002dde042e800 ConcurrentGCThread "G1 Conc#2" [stack: 0x000000f59cd00000,0x000000f59ce00000] [id=8108]
  0x000002ddd96f5800 ConcurrentGCThread "G1 Refine#0" [stack: 0x000000f59a100000,0x000000f59a200000] [id=13656]
  0x000002ddd96f7800 ConcurrentGCThread "G1 Young RemSet Sampling" [stack: 0x000000f59a200000,0x000000f59a300000] [id=3316]

Threads with active compile tasks:

VM state:not at safepoint (normal execution)

VM Mutex/Monitor currently owned by a thread: None

Heap address: 0x0000000701000000, size: 4080 MB, Compressed Oops mode: Zero based, Oop shift amount: 3
Narrow klass base: 0x0000000800000000, Narrow klass shift: 0
Compressed class space size: 1073741824 Address: 0x0000000800000000

Heap:
 garbage-first heap   total 20480K, used 12217K [0x0000000701000000, 0x0000000800000000)
  region size 1024K, 10 young (10240K), 1 survivors (1024K)
 Metaspace       used 22392K, capacity 22773K, committed 22912K, reserved 1069056K
  class space    used 2413K, capacity 2564K, committed 2688K, reserved 1048576K
Heap Regions: E=young(eden), S=young(survivor), O=old, HS=humongous(starts), HC=humongous(continues), CS=collection set, F=free, OA=open archive, CA=closed archive, TAMS=top-at-mark-start (previous, next)
|   0|0x0000000701000000, 0x0000000701100000, 0x0000000701100000|100%| O|  |TAMS 0x0000000701060200, 0x0000000701000000| Untracked 
|   1|0x0000000701100000, 0x0000000701200000, 0x0000000701200000|100%| O|  |TAMS 0x0000000701100000, 0x0000000701100000| Untracked 
|   2|0x0000000701200000, 0x0000000701300000, 0x0000000701300000|100%| O|  |TAMS 0x0000000701200000, 0x0000000701200000| Untracked 
|   3|0x0000000701300000, 0x0000000701349a00, 0x0000000701400000| 28%| O|  |TAMS 0x0000000701300000, 0x0000000701300000| Untracked 
|   4|0x0000000701400000, 0x0000000701400000, 0x0000000701500000|  0%| F|  |TAMS 0x0000000701400000, 0x0000000701400000| Untracked 
|   5|0x0000000701500000, 0x0000000701500000, 0x0000000701600000|  0%| F|  |TAMS 0x0000000701500000, 0x0000000701500000| Untracked 
|   6|0x0000000701600000, 0x0000000701600000, 0x0000000701700000|  0%| F|  |TAMS 0x0000000701600000, 0x0000000701600000| Untracked 
|   7|0x0000000701700000, 0x00000007017a4b18, 0x0000000701800000| 64%| S|CS|TAMS 0x0000000701700000, 0x0000000701700000| Complete 
|   8|0x0000000701800000, 0x0000000701800000, 0x0000000701900000|  0%| F|  |TAMS 0x0000000701800000, 0x0000000701800000| Untracked 
|   9|0x0000000701900000, 0x0000000701900000, 0x0000000701a00000|  0%| F|  |TAMS 0x0000000701900000, 0x0000000701900000| Untracked 
|  10|0x0000000701a00000, 0x0000000701a00000, 0x0000000701b00000|  0%| F|  |TAMS 0x0000000701a00000, 0x0000000701a00000| Untracked 
|  11|0x0000000701b00000, 0x0000000701b11250, 0x0000000701c00000|  6%| E|  |TAMS 0x0000000701b00000, 0x0000000701b00000| Complete 
|  12|0x0000000701c00000, 0x0000000701d00000, 0x0000000701d00000|100%| E|CS|TAMS 0x0000000701c00000, 0x0000000701c00000| Complete 
|  13|0x0000000701d00000, 0x0000000701e00000, 0x0000000701e00000|100%| E|CS|TAMS 0x0000000701d00000, 0x0000000701d00000| Complete 
|  14|0x0000000701e00000, 0x0000000701f00000, 0x0000000701f00000|100%| E|CS|TAMS 0x0000000701e00000, 0x0000000701e00000| Complete 
|  15|0x0000000701f00000, 0x0000000702000000, 0x0000000702000000|100%| E|CS|TAMS 0x0000000701f00000, 0x0000000701f00000| Complete 
|  16|0x0000000702000000, 0x0000000702100000, 0x0000000702100000|100%| E|CS|TAMS 0x0000000702000000, 0x0000000702000000| Complete 
|  17|0x0000000702100000, 0x0000000702200000, 0x0000000702200000|100%| E|CS|TAMS 0x0000000702100000, 0x0000000702100000| Complete 
| 251|0x0000000710b00000, 0x0000000710c00000, 0x0000000710c00000|100%| E|CS|TAMS 0x0000000710b00000, 0x0000000710b00000| Complete 
| 255|0x0000000710f00000, 0x0000000711000000, 0x0000000711000000|100%| E|CS|TAMS 0x0000000710f00000, 0x0000000710f00000| Complete 

Card table byte_map: [0x000002ddcdaf0000,0x000002ddce2f0000] _byte_map_base: 0x000002ddca2e8000

Marking Bits (Prev, Next): (CMBitMap*) 0x000002ddba136a58, (CMBitMap*) 0x000002ddba136a18
 Prev Bits: [0x000002ddd2ab0000, 0x000002ddd6a70000)
 Next Bits: [0x000002ddceaf0000, 0x000002ddd2ab0000)

Polling page: 0x000002ddb8050000

Metaspace:

Usage:
  Non-class:     19.74 MB capacity,    19.51 MB ( 99%) used,   190.23 KB ( <1%) free+waste,    39.44 KB ( <1%) overhead. 
      Class:      2.50 MB capacity,     2.36 MB ( 94%) used,   131.16 KB (  5%) free+waste,    19.50 KB ( <1%) overhead. 
       Both:     22.24 MB capacity,    21.87 MB ( 98%) used,   321.39 KB (  1%) free+waste,    58.94 KB ( <1%) overhead. 

Virtual space:
  Non-class space:       20.00 MB reserved,      19.75 MB ( 99%) committed 
      Class space:        1.00 GB reserved,       2.63 MB ( <1%) committed 
             Both:        1.02 GB reserved,      22.38 MB (  2%) committed 

Chunk freelists:
   Non-Class:  15.00 KB
       Class:  28.00 KB
        Both:  43.00 KB

MaxMetaspaceSize: 17179869184.00 GB
CompressedClassSpaceSize: 1.00 GB

CodeHeap 'non-profiled nmethods': size=120000Kb used=919Kb max_used=919Kb free=119080Kb
 bounds [0x000002ddc5870000, 0x000002ddc5ae0000, 0x000002ddccda0000]
CodeHeap 'profiled nmethods': size=120000Kb used=4777Kb max_used=4777Kb free=115222Kb
 bounds [0x000002ddbe340000, 0x000002ddbe7f0000, 0x000002ddc5870000]
CodeHeap 'non-nmethods': size=5760Kb used=1411Kb max_used=1464Kb free=4348Kb
 bounds [0x000002ddbdda0000, 0x000002ddbe010000, 0x000002ddbe340000]
 total_blobs=2909 nmethods=2290 adapters=531
 compilation: enabled
              stopped_count=0, restarted_count=0
 full_count=0

Compilation events (20 events):
Event: 21.676 Thread 0x000002ddda153000 2284       3       sun.swing.SwingUtilities2$KeyPair::<init> (15 bytes)
Event: 21.676 Thread 0x000002ddda153000 nmethod 2284 0x000002ddbe7e8e10 code [0x000002ddbe7e8fc0, 0x000002ddbe7e91d8]
Event: 21.676 Thread 0x000002ddda153000 2280       1       javax.swing.table.JTableHeader::getDefaultRenderer (5 bytes)
Event: 21.676 Thread 0x000002ddda153000 nmethod 2280 0x000002ddc5954010 code [0x000002ddc59541a0, 0x000002ddc5954258]
Event: 21.676 Thread 0x000002ddda153000 2281       1       javax.swing.JTable::getTableHeader (5 bytes)
Event: 21.676 Thread 0x000002ddda153000 nmethod 2281 0x000002ddc5954310 code [0x000002ddc59544a0, 0x000002ddc5954558]
Event: 21.676 Thread 0x000002ddda153000 2283       1       javax.swing.table.JTableHeader::getTable (5 bytes)
Event: 21.676 Thread 0x000002ddda153000 nmethod 2283 0x000002ddc5954610 code [0x000002ddc59547a0, 0x000002ddc5954858]
Event: 21.680 Thread 0x000002ddda153000 2285       3       java.util.regex.Pattern::compile (10 bytes)
Event: 21.680 Thread 0x000002ddda153000 nmethod 2285 0x000002ddbe7e9290 code [0x000002ddbe7e9440, 0x000002ddbe7e95e8]
Event: 21.681 Thread 0x000002ddda143800 nmethod 2277 0x000002ddc5954910 code [0x000002ddc5954b40, 0x000002ddc5955198]
Event: 21.714 Thread 0x000002ddda153000 2286       3       java.awt.EventQueue::eventToCacheIndex (80 bytes)
Event: 21.714 Thread 0x000002ddda153000 nmethod 2286 0x000002ddbe7e9690 code [0x000002ddbe7e9840, 0x000002ddbe7e9d98]
Event: 21.725 Thread 0x000002ddda153000 2287       3       java.awt.EventQueue::getNextEventPrivate (76 bytes)
Event: 21.725 Thread 0x000002ddda153000 nmethod 2287 0x000002ddbe7e9e90 code [0x000002ddbe7ea060, 0x000002ddbe7ea3e8]
Event: 21.744 Thread 0x000002ddda143800 2288  s    4       java.awt.Toolkit::getDefaultToolkit (53 bytes)
Event: 21.745 Thread 0x000002ddda143800 nmethod 2288 0x000002ddc5955410 code [0x000002ddc59555a0, 0x000002ddc59557f8]
Event: 21.791 Thread 0x000002ddda143800 2289       4       java.security.AccessController::checkContext (49 bytes)
Event: 21.791 Thread 0x000002ddda143800 nmethod 2289 0x000002ddc5955890 code [0x000002ddc5955a20, 0x000002ddc5955ab8]
Event: 21.807 Thread 0x000002ddda143800 2290       4       java.util.AbstractList::subListRangeCheck (110 bytes)

GC Heap History (6 events):
Event: 1.233 GC heap before
{Heap before GC invocations=0 (full 0):
 garbage-first heap   total 262144K, used 22528K [0x0000000701000000, 0x0000000800000000)
  region size 1024K, 23 young (23552K), 0 survivors (0K)
 Metaspace       used 20097K, capacity 20437K, committed 20608K, reserved 1067008K
  class space    used 2219K, capacity 2347K, committed 2432K, reserved 1048576K
}
Event: 1.237 GC heap after
{Heap after GC invocations=1 (full 0):
 garbage-first heap   total 262144K, used 3456K [0x0000000701000000, 0x0000000800000000)
  region size 1024K, 3 young (3072K), 3 survivors (3072K)
 Metaspace       used 20097K, capacity 20437K, committed 20608K, reserved 1067008K
  class space    used 2219K, capacity 2347K, committed 2432K, reserved 1048576K
}
Event: 1.304 GC heap before
{Heap before GC invocations=1 (full 0):
 garbage-first heap   total 262144K, used 6528K [0x0000000701000000, 0x0000000800000000)
  region size 1024K, 7 young (7168K), 3 survivors (3072K)
 Metaspace       used 20760K, capacity 21088K, committed 21248K, reserved 1069056K
  class space    used 2309K, capacity 2455K, committed 2560K, reserved 1048576K
}
Event: 1.308 GC heap after
{Heap after GC invocations=2 (full 0):
 garbage-first heap   total 262144K, used 3959K [0x0000000701000000, 0x0000000800000000)
  region size 1024K, 1 young (1024K), 1 survivors (1024K)
 Metaspace       used 20760K, capacity 21088K, committed 21248K, reserved 1069056K
  class space    used 2309K, capacity 2455K, committed 2560K, reserved 1048576K
}
Event: 12.776 GC heap before
{Heap before GC invocations=3 (full 0):
 garbage-first heap   total 20480K, used 15223K [0x0000000701000000, 0x0000000800000000)
  region size 1024K, 12 young (12288K), 1 survivors (1024K)
 Metaspace       used 21626K, capacity 22029K, committed 22272K, reserved 1069056K
  class space    used 2382K, capacity 2529K, committed 2560K, reserved 1048576K
}
Event: 12.777 GC heap after
{Heap after GC invocations=4 (full 0):
 garbage-first heap   total 20480K, used 4025K [0x0000000701000000, 0x0000000800000000)
  region size 1024K, 1 young (1024K), 1 survivors (1024K)
 Metaspace       used 21626K, capacity 22029K, committed 22272K, reserved 1069056K
  class space    used 2382K, capacity 2529K, committed 2560K, reserved 1048576K
}

Deoptimization events (20 events):
Event: 21.634 Thread 0x000002dddfa39000 Uncommon trap: trap_request=0xffffff45 fr.pc=0x000002ddc59460a0 relative=0x0000000000003800
Event: 21.634 Thread 0x000002dddfa39000 Uncommon trap: reason=unstable_if action=reinterpret pc=0x000002ddc59460a0 method=java.awt.EventQueue.getPriority(Ljava/awt/AWTEvent;)I @ 4 c2
Event: 21.634 Thread 0x000002dddfa39000 DEOPT PACKING pc=0x000002ddc59460a0 sp=0x000000f59adff150
Event: 21.634 Thread 0x000002dddfa39000 DEOPT UNPACKING pc=0x000002ddbdde912f sp=0x000000f59adff088 mode 2
Event: 21.634 Thread 0x000002dddfa39000 Uncommon trap: trap_request=0xffffff45 fr.pc=0x000002ddc5950064 relative=0x00000000000000a4
Event: 21.634 Thread 0x000002dddfa39000 Uncommon trap: reason=unstable_if action=reinterpret pc=0x000002ddc5950064 method=java.awt.EventQueue.eventToCacheIndex(Ljava/awt/AWTEvent;)I @ 71 c2
Event: 21.634 Thread 0x000002dddfa39000 DEOPT PACKING pc=0x000002ddc5950064 sp=0x000000f59adfef20
Event: 21.634 Thread 0x000002dddfa39000 DEOPT UNPACKING pc=0x000002ddbdde912f sp=0x000000f59adfeec0 mode 2
Event: 21.634 Thread 0x000002dddfa39000 Uncommon trap: trap_request=0xffffff45 fr.pc=0x000002ddc5950dcc relative=0x000000000000052c
Event: 21.634 Thread 0x000002dddfa39000 Uncommon trap: reason=unstable_if action=reinterpret pc=0x000002ddc5950dcc method=java.awt.EventQueue.eventToCacheIndex(Ljava/awt/AWTEvent;)I @ 71 c2
Event: 21.634 Thread 0x000002dddfa39000 DEOPT PACKING pc=0x000002ddc5950dcc sp=0x000000f59adff240
Event: 21.634 Thread 0x000002dddfa39000 DEOPT UNPACKING pc=0x000002ddbdde912f sp=0x000000f59adff130 mode 2
Event: 21.653 Thread 0x000002dddfeb0000 Uncommon trap: trap_request=0xffffff45 fr.pc=0x000002ddc59189e4 relative=0x0000000000004524
Event: 21.653 Thread 0x000002dddfeb0000 Uncommon trap: reason=unstable_if action=reinterpret pc=0x000002ddc59189e4 method=java.util.regex.Pattern.split(Ljava/lang/CharSequence;I)[Ljava/lang/String; @ 167 c2
Event: 21.653 Thread 0x000002dddfeb0000 DEOPT PACKING pc=0x000002ddc59189e4 sp=0x000000f59befe080
Event: 21.653 Thread 0x000002dddfeb0000 DEOPT UNPACKING pc=0x000002ddbdde912f sp=0x000000f59befe000 mode 2
Event: 21.656 Thread 0x000002dddfa39000 DEOPT PACKING pc=0x000002ddbe7b8ad5 sp=0x000000f59adfd470
Event: 21.656 Thread 0x000002dddfa39000 DEOPT UNPACKING pc=0x000002ddbdde964e sp=0x000000f59adfc930 mode 0
Event: 21.673 Thread 0x000002dddfa39000 DEOPT PACKING pc=0x000002ddbe7b8afb sp=0x000000f59adfd470
Event: 21.673 Thread 0x000002dddfa39000 DEOPT UNPACKING pc=0x000002ddbdde964e sp=0x000000f59adfc930 mode 0

Classes unloaded (0 events):
No events

Classes redefined (0 events):
No events

Internal exceptions (15 events):
Event: 0.380 Thread 0x000002ddba0ce800 Exception <a 'java/lang/ClassNotFoundException'{0x0000000710955d48}: sun/awt/resources/spi/awtProvider> (0x0000000710955d48) 
thrown [./open/src/hotspot/share/classfile/systemDictionary.cpp, line 226]
Event: 0.404 Thread 0x000002ddba0ce800 Exception <a 'java/io/FileNotFoundException'{0x00000007109b6ca8}> (0x00000007109b6ca8) 
thrown [./open/src/hotspot/share/prims/jni.cpp, line 599]
Event: 0.409 Thread 0x000002ddba0ce800 Exception <a 'java/io/FileNotFoundException'{0x00000007109df328}> (0x00000007109df328) 
thrown [./open/src/hotspot/share/prims/jni.cpp, line 599]
Event: 0.459 Thread 0x000002ddda833000 Exception <a 'java/lang/NoSuchMethodError'{0x0000000710782828}: 'void java.lang.invoke.DirectMethodHandle$Holder.invokeSpecial(java.lang.Object, java.lang.Object)'> (0x0000000710782828) 
thrown [./open/src/hotspot/share/interpreter/linkResolver.cpp, line 766]
Event: 0.631 Thread 0x000002ddba0ce800 Exception <a 'java/lang/NoSuchMethodError'{0x000000071068a938}: 'java.lang.Object java.lang.invoke.DirectMethodHandle$Holder.invokeStatic(java.lang.Object, int, java.lang.Object, java.lang.Object, java.lang.Object, java.lang.Object)'> (0x000000071068a938) 
thrown [./open/src/hotspot/share/interpreter/linkResolver.cpp, line 766]
Event: 0.632 Thread 0x000002ddba0ce800 Exception <a 'java/lang/NoSuchMethodError'{0x0000000710691258}: 'java.lang.Object java.lang.invoke.DirectMethodHandle$Holder.invokeStatic(java.lang.Object, int, java.lang.Object, java.lang.Object, java.lang.Object)'> (0x0000000710691258) 
thrown [./open/src/hotspot/share/interpreter/linkResolver.cpp, line 766]
Event: 0.632 Thread 0x000002ddba0ce800 Exception <a 'java/lang/NoSuchMethodError'{0x0000000710694aa8}: 'java.lang.Object java.lang.invoke.DirectMethodHandle$Holder.invokeSpecial(java.lang.Object, java.lang.Object, int, java.lang.Object, java.lang.Object, java.lang.Object)'> (0x0000000710694aa8) 
thrown [./open/src/hotspot/share/interpreter/linkResolver.cpp, line 766]
Event: 0.634 Thread 0x000002ddba0ce800 Exception <a 'java/lang/NoSuchMethodError'{0x00000007106ab480}: 'java.lang.Object java.lang.invoke.DirectMethodHandle$Holder.invokeStatic(java.lang.Object, int, java.lang.Object)'> (0x00000007106ab480) 
thrown [./open/src/hotspot/share/interpreter/linkResolver.cpp, line 766]
Event: 0.651 Thread 0x000002ddba0ce800 Exception <a 'java/lang/ClassNotFoundException'{0x000000071055e130}: com/sun/swing/internal/plaf/metal/resources/spi/metalProvider> (0x000000071055e130) 
thrown [./open/src/hotspot/share/classfile/systemDictionary.cpp, line 226]
Event: 0.652 Thread 0x000002ddba0ce800 Exception <a 'java/lang/ClassNotFoundException'{0x0000000710564fd8}: com/sun/swing/internal/plaf/basic/resources/spi/basicProvider> (0x0000000710564fd8) 
thrown [./open/src/hotspot/share/classfile/systemDictionary.cpp, line 226]
Event: 0.892 Thread 0x000002ddba0ce800 Exception <a 'java/io/FileNotFoundException'{0x00000007102e00a8}> (0x00000007102e00a8) 
thrown [./open/src/hotspot/share/prims/jni.cpp, line 599]
Event: 0.960 Thread 0x000002ddba0ce800 Exception <a 'java/lang/NoSuchMethodError'{0x00000007100688e8}: 'void java.lang.invoke.DirectMethodHandle$Holder.invokeStaticInit(java.lang.Object)'> (0x00000007100688e8) 
thrown [./open/src/hotspot/share/interpreter/linkResolver.cpp, line 766]
Event: 0.966 Thread 0x000002ddba0ce800 Exception <a 'java/lang/NoSuchMethodError'{0x0000000710094e20}: 'java.lang.Object java.lang.invoke.Invokers$Holder.linkToTargetMethod(java.lang.Object, int, java.lang.Object)'> (0x0000000710094e20) 
thrown [./open/src/hotspot/share/interpreter/linkResolver.cpp, line 766]
Event: 1.231 Thread 0x000002dddfeb6800 Exception <a 'org/jnetpcap/packet/UnregisteredHeaderException'{0x000000070f9c77d0}: native scanner not registered under ID=15 (WEB_IMAGE)> (0x000000070f9c77d0) 
thrown [./open/src/hotspot/share/prims/jni.cpp, line 620]
Event: 21.634 Thread 0x000002ddda833000 Exception <a 'java/lang/NoSuchMethodError'{0x0000000701c68df8}: 'void java.lang.invoke.DirectMethodHandle$Holder.invokeVirtual(java.lang.Object, java.lang.Object)'> (0x0000000701c68df8) 
thrown [./open/src/hotspot/share/interpreter/linkResolver.cpp, line 766]

Events (20 events):
Event: 21.635 Executing VM operation: HandshakeOneThread
Event: 21.635 Executing VM operation: HandshakeOneThread done
Event: 21.635 Executing VM operation: HandshakeOneThread
Event: 21.635 Executing VM operation: HandshakeOneThread done
Event: 21.635 Executing VM operation: HandshakeOneThread
Event: 21.635 Executing VM operation: HandshakeOneThread done
Event: 21.635 Executing VM operation: HandshakeOneThread
Event: 21.635 Executing VM operation: HandshakeOneThread done
Event: 21.635 Executing VM operation: HandshakeOneThread
Event: 21.635 Executing VM operation: HandshakeOneThread done
Event: 21.635 Executing VM operation: HandshakeOneThread
Event: 21.635 Executing VM operation: HandshakeOneThread done
Event: 21.635 Executing VM operation: HandshakeOneThread
Event: 21.635 Executing VM operation: HandshakeOneThread done
Event: 21.635 Executing VM operation: BulkRevokeBias
Event: 21.635 Executing VM operation: BulkRevokeBias done
Event: 21.655 Executing VM operation: HandshakeOneThread
Event: 21.655 Executing VM operation: HandshakeOneThread done
Event: 21.672 Executing VM operation: HandshakeOneThread
Event: 21.672 Executing VM operation: HandshakeOneThread done


Dynamic libraries:
0x00007ff658240000 - 0x00007ff65824d000 	C:\Users\Taehyun\.p2\pool\plugins\org.eclipse.justj.openjdk.hotspot.jre.full.win32.x86_64_14.0.2.v20200815-0932\jre\bin\javaw.exe
0x00007ffb169f0000 - 0x00007ffb16be6000 	C:\Windows\SYSTEM32\ntdll.dll
0x00007ffb158e0000 - 0x00007ffb1599d000 	C:\Windows\System32\KERNEL32.DLL
0x00007ffb14130000 - 0x00007ffb143f8000 	C:\Windows\System32\KERNELBASE.dll
0x00007ffb145f0000 - 0x00007ffb146f0000 	C:\Windows\System32\ucrtbase.dll
0x00007ffb09790000 - 0x00007ffb097a5000 	C:\Users\Taehyun\.p2\pool\plugins\org.eclipse.justj.openjdk.hotspot.jre.full.win32.x86_64_14.0.2.v20200815-0932\jre\bin\VCRUNTIME140.dll
0x00007ffb097b0000 - 0x00007ffb097c8000 	C:\Users\Taehyun\.p2\pool\plugins\org.eclipse.justj.openjdk.hotspot.jre.full.win32.x86_64_14.0.2.v20200815-0932\jre\bin\jli.dll
0x00007ffb15a10000 - 0x00007ffb15bb0000 	C:\Windows\System32\USER32.dll
0x00007ffb149c0000 - 0x00007ffb149e2000 	C:\Windows\System32\win32u.dll
0x00007ffb04e30000 - 0x00007ffb050cb000 	C:\Windows\WinSxS\amd64_microsoft.windows.common-controls_6595b64144ccf1df_6.0.19041.488_none_ca04af081b815d21\COMCTL32.dll
0x00007ffb15bb0000 - 0x00007ffb15bda000 	C:\Windows\System32\GDI32.dll
0x00007ffb14fb0000 - 0x00007ffb1504e000 	C:\Windows\System32\msvcrt.dll
0x00007ffb144e0000 - 0x00007ffb145e9000 	C:\Windows\System32\gdi32full.dll
0x00007ffb14770000 - 0x00007ffb1480d000 	C:\Windows\System32\msvcp_win.dll
0x00007ffb14b10000 - 0x00007ffb14b40000 	C:\Windows\System32\IMM32.DLL
0x00007ffae5660000 - 0x00007ffae56fb000 	C:\Users\Taehyun\.p2\pool\plugins\org.eclipse.justj.openjdk.hotspot.jre.full.win32.x86_64_14.0.2.v20200815-0932\jre\bin\msvcp140.dll
0x00007ffad7510000 - 0x00007ffad802e000 	C:\Users\Taehyun\.p2\pool\plugins\org.eclipse.justj.openjdk.hotspot.jre.full.win32.x86_64_14.0.2.v20200815-0932\jre\bin\server\jvm.dll
0x00007ffb14a50000 - 0x00007ffb14afc000 	C:\Windows\System32\ADVAPI32.dll
0x00007ffb151f0000 - 0x00007ffb1528b000 	C:\Windows\System32\sechost.dll
0x00007ffb14b40000 - 0x00007ffb14c64000 	C:\Windows\System32\RPCRT4.dll
0x00007ffb150b0000 - 0x00007ffb150b8000 	C:\Windows\System32\PSAPI.DLL
0x00007ffb078b0000 - 0x00007ffb078d7000 	C:\Windows\SYSTEM32\WINMM.dll
0x00007ffb0e300000 - 0x00007ffb0e309000 	C:\Windows\SYSTEM32\WSOCK32.dll
0x00007ffb0db20000 - 0x00007ffb0db2a000 	C:\Windows\SYSTEM32\VERSION.dll
0x00007ffb159a0000 - 0x00007ffb15a0b000 	C:\Windows\System32\WS2_32.dll
0x00007ffb120a0000 - 0x00007ffb120b2000 	C:\Windows\SYSTEM32\kernel.appcore.dll
0x00007ffb0e1d0000 - 0x00007ffb0e1da000 	C:\Users\Taehyun\.p2\pool\plugins\org.eclipse.justj.openjdk.hotspot.jre.full.win32.x86_64_14.0.2.v20200815-0932\jre\bin\jimage.dll
0x00007ffb002c0000 - 0x00007ffb004a4000 	C:\Windows\SYSTEM32\DBGHELP.DLL
0x00007ffb001d0000 - 0x00007ffb001fc000 	C:\Windows\SYSTEM32\dbgcore.DLL
0x00007ffb146f0000 - 0x00007ffb1476f000 	C:\Windows\System32\bcryptPrimitives.dll
0x00007ffb09750000 - 0x00007ffb09788000 	C:\Users\Taehyun\.p2\pool\plugins\org.eclipse.justj.openjdk.hotspot.jre.full.win32.x86_64_14.0.2.v20200815-0932\jre\bin\jdwp.dll
0x00007ffb04120000 - 0x00007ffb04145000 	C:\Users\Taehyun\.p2\pool\plugins\org.eclipse.justj.openjdk.hotspot.jre.full.win32.x86_64_14.0.2.v20200815-0932\jre\bin\java.dll
0x00007ffb0ed40000 - 0x00007ffb0ed4e000 	C:\Users\Taehyun\.p2\pool\plugins\org.eclipse.justj.openjdk.hotspot.jre.full.win32.x86_64_14.0.2.v20200815-0932\jre\bin\instrument.dll
0x00007ffb0d130000 - 0x00007ffb0d146000 	C:\Users\Taehyun\.p2\pool\plugins\org.eclipse.justj.openjdk.hotspot.jre.full.win32.x86_64_14.0.2.v20200815-0932\jre\bin\zip.dll
0x00007ffb16010000 - 0x00007ffb16751000 	C:\Windows\System32\SHELL32.dll
0x00007ffb122a0000 - 0x00007ffb12a35000 	C:\Windows\SYSTEM32\windows.storage.dll
0x00007ffb15be0000 - 0x00007ffb15f35000 	C:\Windows\System32\combase.dll
0x00007ffb13ba0000 - 0x00007ffb13bcc000 	C:\Windows\SYSTEM32\Wldp.dll
0x00007ffb168e0000 - 0x00007ffb1698e000 	C:\Windows\System32\SHCORE.dll
0x00007ffb15050000 - 0x00007ffb150a5000 	C:\Windows\System32\shlwapi.dll
0x00007ffb14060000 - 0x00007ffb14086000 	C:\Windows\SYSTEM32\profapi.dll
0x00007ffb0e310000 - 0x00007ffb0e31b000 	C:\Users\Taehyun\.p2\pool\plugins\org.eclipse.justj.openjdk.hotspot.jre.full.win32.x86_64_14.0.2.v20200815-0932\jre\bin\dt_socket.dll
0x00007ffb135c0000 - 0x00007ffb135fb000 	C:\Windows\SYSTEM32\IPHLPAPI.DLL
0x00007ffb13920000 - 0x00007ffb1398a000 	C:\Windows\system32\mswsock.dll
0x00007ffb13610000 - 0x00007ffb136db000 	C:\Windows\SYSTEM32\DNSAPI.dll
0x00007ffb14b00000 - 0x00007ffb14b08000 	C:\Windows\System32\NSI.dll
0x00007ffb09b40000 - 0x00007ffb09b4a000 	C:\Windows\System32\rasadhlp.dll
0x00007ffb08ca0000 - 0x00007ffb08d1f000 	C:\Windows\System32\fwpuclnt.dll
0x00007ffb144b0000 - 0x00007ffb144d7000 	C:\Windows\System32\bcrypt.dll
0x00007ffb0d150000 - 0x00007ffb0d169000 	C:\Users\Taehyun\.p2\pool\plugins\org.eclipse.justj.openjdk.hotspot.jre.full.win32.x86_64_14.0.2.v20200815-0932\jre\bin\net.dll
0x00007ffb0a5e0000 - 0x00007ffb0a6e0000 	C:\Windows\SYSTEM32\WINHTTP.dll
0x00007ffb09b20000 - 0x00007ffb09b32000 	C:\Users\Taehyun\.p2\pool\plugins\org.eclipse.justj.openjdk.hotspot.jre.full.win32.x86_64_14.0.2.v20200815-0932\jre\bin\nio.dll
0x00007ffb08eb0000 - 0x00007ffb08ec0000 	C:\Users\Taehyun\.p2\pool\plugins\org.eclipse.justj.openjdk.hotspot.jre.full.win32.x86_64_14.0.2.v20200815-0932\jre\bin\verify.dll
0x00007ffadd660000 - 0x00007ffadd7f8000 	C:\Users\Taehyun\.p2\pool\plugins\org.eclipse.justj.openjdk.hotspot.jre.full.win32.x86_64_14.0.2.v20200815-0932\jre\bin\awt.dll
0x00007ffb15f40000 - 0x00007ffb1600d000 	C:\Windows\System32\OLEAUT32.dll
0x00007ffb11a50000 - 0x00007ffb11ae0000 	C:\Windows\SYSTEM32\apphelp.dll
0x00007ffb11d90000 - 0x00007ffb11dbf000 	C:\Windows\system32\DWMAPI.DLL
0x00007ffb11be0000 - 0x00007ffb11c7e000 	C:\Windows\system32\uxtheme.dll
0x00007ffae5fc0000 - 0x00007ffae60e5000 	C:\Windows\system32\opengl32.dll
0x00007ffb047c0000 - 0x00007ffb047ec000 	C:\Windows\SYSTEM32\GLU32.dll
0x00007ffb16760000 - 0x00007ffb16875000 	C:\Windows\System32\MSCTF.dll
0x00007ffb150c0000 - 0x00007ffb151ea000 	C:\Windows\System32\ole32.dll
0x00007ffb0d1a0000 - 0x00007ffb0d36e000 	C:\Windows\system32\d3d9.dll
0x00007ffb08db0000 - 0x00007ffb08e9e000 	C:\Windows\System32\DriverStore\FileRepository\nv_dispi.inf_amd64_90685a092bcf58c7\nvldumdx.dll
0x00007ffb14810000 - 0x00007ffb1496d000 	C:\Windows\System32\crypt32.dll
0x00007ffb149f0000 - 0x00007ffb14a50000 	C:\Windows\System32\WINTRUST.DLL
0x00007ffb13d20000 - 0x00007ffb13d32000 	C:\Windows\SYSTEM32\MSASN1.dll
0x00007ffb16990000 - 0x00007ffb169ad000 	C:\Windows\System32\imagehlp.dll
0x00007ffb13b00000 - 0x00007ffb13b18000 	C:\Windows\SYSTEM32\CRYPTSP.dll
0x00007ffb13240000 - 0x00007ffb13274000 	C:\Windows\system32\rsaenh.dll
0x00007ffb13af0000 - 0x00007ffb13afc000 	C:\Windows\SYSTEM32\CRYPTBASE.dll
0x00007ffabc560000 - 0x00007ffabd9fb000 	C:\Windows\System32\DriverStore\FileRepository\nv_dispi.inf_amd64_90685a092bcf58c7\nvd3dumx.dll
0x00007ffb136e0000 - 0x00007ffb1372b000 	C:\Windows\system32\powrprof.dll
0x00007ffb135a0000 - 0x00007ffb135b2000 	C:\Windows\SYSTEM32\UMPDC.dll
0x00007ffb12a50000 - 0x00007ffb12a73000 	C:\Windows\SYSTEM32\gpapi.dll
0x00007ffaf6b90000 - 0x00007ffaf6bc1000 	C:\Windows\SYSTEM32\cryptnet.dll
0x00007ffb09b50000 - 0x00007ffb09b8b000 	C:\Windows\SYSTEM32\dxcore.dll
0x00007ffb14970000 - 0x00007ffb149be000 	C:\Windows\System32\cfgmgr32.dll
0x0000000063b40000 - 0x0000000063bc0000 	D:\Project\2020-2\ComputerNetwork\Router\ComputerNetwork\jnetpcap.dll
0x0000000180000000 - 0x0000000180065000 	C:\Windows\SYSTEM32\wpcap.dll
0x000002dde4020000 - 0x000002dde403f000 	C:\Windows\SYSTEM32\packet.dll
0x00007ffb0cfd0000 - 0x00007ffb0cfe7000 	C:\Windows\SYSTEM32\dhcpcsvc6.DLL
0x00007ffb0ced0000 - 0x00007ffb0ceed000 	C:\Windows\SYSTEM32\dhcpcsvc.DLL
0x00007ffadd5d0000 - 0x00007ffadd652000 	C:\Users\Taehyun\.p2\pool\plugins\org.eclipse.justj.openjdk.hotspot.jre.full.win32.x86_64_14.0.2.v20200815-0932\jre\bin\freetype.dll
0x00007ffad4820000 - 0x00007ffad48c6000 	C:\Users\Taehyun\.p2\pool\plugins\org.eclipse.justj.openjdk.hotspot.jre.full.win32.x86_64_14.0.2.v20200815-0932\jre\bin\fontmanager.dll
0x00007ffb14f00000 - 0x00007ffb14fa9000 	C:\Windows\System32\clbcatq.dll
0x00007ffb0e010000 - 0x00007ffb0e1c4000 	C:\Windows\SYSTEM32\WindowsCodecs.dll
0x00007ffb07bc0000 - 0x00007ffb07bfe000 	C:\Windows\system32\dataexchange.dll
0x00007ffb106e0000 - 0x00007ffb10944000 	C:\Windows\system32\d3d11.dll
0x00007ffb10f10000 - 0x00007ffb110f5000 	C:\Windows\system32\dcomp.dll
0x00007ffb12a80000 - 0x00007ffb12b73000 	C:\Windows\system32\dxgi.dll
0x00007ffb0e4b0000 - 0x00007ffb0e6b8000 	C:\Windows\system32\twinapi.appcore.dll
0x00007ffb037c0000 - 0x00007ffb038bc000 	C:\Windows\SYSTEM32\textinputframework.dll
0x00007ffb11100000 - 0x00007ffb1145e000 	C:\Windows\System32\CoreUIComponents.dll
0x00007ffb117e0000 - 0x00007ffb118d2000 	C:\Windows\System32\CoreMessaging.dll
0x00007ffb12e70000 - 0x00007ffb12ea3000 	C:\Windows\SYSTEM32\ntmarta.dll
0x00007ffb10120000 - 0x00007ffb10276000 	C:\Windows\SYSTEM32\wintypes.dll
0x00007ffaec140000 - 0x00007ffaec211000 	C:\Windows\System32\IME\IMEKR\imkrtip.dll
0x00007ffb0fc10000 - 0x00007ffb0fd07000 	C:\Windows\SYSTEM32\PROPSYS.dll
0x00007ffaebda0000 - 0x00007ffaebee2000 	C:\Windows\System32\IME\shared\imetip.dll
0x00007ffb0edd0000 - 0x00007ffb0ee36000 	C:\Windows\SYSTEM32\OLEACC.dll
0x00007ffae8350000 - 0x00007ffae84fe000 	C:\Windows\SYSTEM32\DUI70.dll
0x00007ffaec100000 - 0x00007ffaec140000 	C:\Windows\System32\IME\IMEKR\imkrapi.dll
0x00007ffb0e200000 - 0x00007ffb0e2a0000 	C:\Windows\SYSTEM32\policymanager.dll
0x00007ffb132e0000 - 0x00007ffb1336a000 	C:\Windows\SYSTEM32\msvcp110_win.dll
0x00007ffaec0c0000 - 0x00007ffaec0fe000 	C:\Windows\System32\IME\shared\imjkapi.dll

dbghelp: loaded successfully - version: 4.0.5 - missing functions: none
symbol engine: initialized successfully - sym options: 0x614 - pdb path: .;C:\Users\Taehyun\.p2\pool\plugins\org.eclipse.justj.openjdk.hotspot.jre.full.win32.x86_64_14.0.2.v20200815-0932\jre\bin;C:\Windows\SYSTEM32;C:\Windows\WinSxS\amd64_microsoft.windows.common-controls_6595b64144ccf1df_6.0.19041.488_none_ca04af081b815d21;C:\Users\Taehyun\.p2\pool\plugins\org.eclipse.justj.openjdk.hotspot.jre.full.win32.x86_64_14.0.2.v20200815-0932\jre\bin\server;C:\Windows\System32\DriverStore\FileRepository\nv_dispi.inf_amd64_90685a092bcf58c7;D:\Project\2020-2\ComputerNetwork\Router\ComputerNetwork;C:\Windows\System32\IME\IMEKR;C:\Windows\System32\IME\shared

VM Arguments:
jvm_args: -XX:+ShowCodeDetailsInExceptionMessages -agentlib:jdwp=transport=dt_socket,suspend=y,address=localhost:1863 -javaagent:E:\Program Files\Eclipse\eclipse\configuration\org.eclipse.osgi\215\0\.cp\lib\javaagent-shaded.jar -Dfile.encoding=UTF-8 
java_command: Application.Main
java_class_path (initial): D:\Project\2020-2\ComputerNetwork\Router\ComputerNetwork\bin;D:\Project\2020-2\ComputerNetwork\Router\ComputerNetwork\jnetpcap.jar;C:\Users\Taehyun\.p2\pool\plugins\org.junit.jupiter.api_5.6.0.v20200203-2009.jar;C:\Users\Taehyun\.p2\pool\plugins\org.junit.jupiter.engine_5.6.0.v20200203-2009.jar;C:\Users\Taehyun\.p2\pool\plugins\org.junit.jupiter.migrationsupport_5.6.0.v20200203-2009.jar;C:\Users\Taehyun\.p2\pool\plugins\org.junit.jupiter.params_5.6.0.v20200203-2009.jar;C:\Users\Taehyun\.p2\pool\plugins\org.junit.platform.commons_1.6.0.v20200203-2009.jar;C:\Users\Taehyun\.p2\pool\plugins\org.junit.platform.engine_1.6.0.v20200203-2009.jar;C:\Users\Taehyun\.p2\pool\plugins\org.junit.platform.launcher_1.6.0.v20200203-2009.jar;C:\Users\Taehyun\.p2\pool\plugins\org.junit.platform.runner_1.6.0.v20200203-2009.jar;C:\Users\Taehyun\.p2\pool\plugins\org.junit.platform.suite.api_1.6.0.v20200203-2009.jar;C:\Users\Taehyun\.p2\pool\plugins\org.junit.vintage.engine_5.6.0.v20200203-2009.jar;C:\Users\Taehyun\.p2\pool\plugins\org.opentest4j_1.2.0.v20190826-0900.jar;C:\Users\Taehyun\.p2\pool\plugins\org.apiguardian_1.1.0.v20190826-0900.jar;C:\Users\Taehyun\.p2\pool\plugins\org.junit_4.13.0.v20200204-1500.jar;C:\Users\Taehyun\.p2\pool\plugins\org.hamcrest.core_1.3.0.v20180420-1519.jar
Launcher Type: SUN_STANDARD

[Global flags]
     intx CICompilerCount                          = 4                                         {product} {ergonomic}
     uint ConcGCThreads                            = 3                                         {product} {ergonomic}
     uint G1ConcRefinementThreads                  = 10                                        {product} {ergonomic}
   size_t G1HeapRegionSize                         = 1048576                                   {product} {ergonomic}
    uintx GCDrainStackTargetSize                   = 64                                        {product} {ergonomic}
   size_t InitialHeapSize                          = 268435456                                 {product} {ergonomic}
   size_t MarkStackSize                            = 4194304                                   {product} {ergonomic}
   size_t MaxHeapSize                              = 4278190080                                {product} {ergonomic}
   size_t MaxNewSize                               = 2566914048                                {product} {ergonomic}
   size_t MinHeapDeltaBytes                        = 1048576                                   {product} {ergonomic}
   size_t MinHeapSize                              = 8388608                                   {product} {ergonomic}
    uintx NonNMethodCodeHeapSize                   = 5839372                                {pd product} {ergonomic}
    uintx NonProfiledCodeHeapSize                  = 122909434                              {pd product} {ergonomic}
    uintx ProfiledCodeHeapSize                     = 122909434                              {pd product} {ergonomic}
    uintx ReservedCodeCacheSize                    = 251658240                              {pd product} {ergonomic}
     bool SegmentedCodeCache                       = true                                      {product} {ergonomic}
     bool ShowCodeDetailsInExceptionMessages       = true                                   {manageable} {command line}
   size_t SoftMaxHeapSize                          = 4278190080                             {manageable} {ergonomic}
     bool UseCompressedClassPointers               = true                                 {lp64_product} {ergonomic}
     bool UseCompressedOops                        = true                                 {lp64_product} {ergonomic}
     bool UseG1GC                                  = true                                      {product} {ergonomic}
     bool UseLargePagesIndividualAllocation        = false                                  {pd product} {ergonomic}

Logging:
Log output configuration:
 #0: stdout all=warning uptime,level,tags
 #1: stderr all=off uptime,level,tags

Environment Variables:
PATH=C:\Users\Taehyun\.p2\pool\plugins\org.eclipse.justj.openjdk.hotspot.jre.full.win32.x86_64_14.0.2.v20200815-0932\jre\bin;C:/Users/Taehyun/.p2/pool/plugins/org.eclipse.justj.openjdk.hotspot.jre.full.win32.x86_64_14.0.2.v20200815-0932/jre/bin/server;C:/Users/Taehyun/.p2/pool/plugins/org.eclipse.justj.openjdk.hotspot.jre.full.win32.x86_64_14.0.2.v20200815-0932/jre/bin;E:\Program Files\VMWare\bin\;C:\Program Files (x86)\Common Files\Oracle\Java\javapath;C:\Windows\system32;C:\Windows;C:\Windows\System32\Wbem;C:\Windows\System32\WindowsPowerShell\v1.0\;C:\Windows\System32\OpenSSH\;C:\Program Files\nodejs\;C:\Apache24\bin;C:\Program Files\Git\cmd;C:\Users\Taehyun\AppData\Local\Microsoft\WindowsApps;C:\Program Files\Bandizip\;C:\Users\Taehyun\AppData\Local\atom\bin;C:\Users\Taehyun\AppData\Roaming\npm;C:\altera\13.1\modelsim_ase\win32aloem;C:\Windows\System32;
USERNAME=Taehyun
OS=Windows_NT
PROCESSOR_IDENTIFIER=AMD64 Family 23 Model 1 Stepping 1, AuthenticAMD



---------------  S Y S T E M  ---------------

OS: Windows 10 , 64 bit Build 19041 (10.0.19041.546)
OS uptime: 8 days 6:07 hours

CPU:total 12 (initial active 12) (12 cores per cpu, 2 threads per core) family 23 model 1 stepping 1, cmov, cx8, fxsr, mmx, sse, sse2, sse3, ssse3, sse4.1, sse4.2, popcnt, avx, avx2, aes, clmul, mmxext, 3dnowpref, lzcnt, sse4a, ht, tsc, tscinvbit, tscinv, bmi1, bmi2, adx, sha, fma

Memory: 4k page, system-wide physical 16316M (7022M free)
TotalPageFile size 24181M (AvailPageFile size 3346M)
current process WorkingSet (physical memory assigned to process): 139M, peak: 141M
current process commit charge ("private bytes"): 190M, peak: 409M

vm_info: OpenJDK 64-Bit Server VM (14.0.2+12-46) for windows-amd64 JRE (14.0.2+12-46), built on Jul  9 2020 00:31:16 by "mach5one" with MS VC++ 15.9 (VS2017)

END.
